"-*- Mode: auto-revert -*-"
/ubc/cs/home/y/yanpeng/project/ACL2/smtlink
mala

Environment variables:
ACL2_CUSTOMIZATION=NONE
ACL2_SYSTEM_BOOKS=/ubc/cs/research/isd/users/software/ACL2/acl2-7.0/books/
ACL2=/ubc/cs/home/y/yanpeng/bin/acl2

Temp lisp file:
(acl2::value :q)
(acl2::in-package "ACL2")
#+acl2-hons (profile-fn 'prove)
#+acl2-hons (profile-fn 'certify-book-fn)
(acl2::lp)
(acl2::in-package "ACL2")

(set-inhibit-output-lst (list (quote prove) (quote proof-tree) (quote warning) (quote observation) (quote event) (quote history)))

(acl2::assign acl2::get-internal-time-as-realtime acl2::t)
; instructions from .acl2 file :


; Prevent reset-prehistory while loading .port files
(acl2::assign acl2::skip-reset-prehistory acl2::t)
; portculli for included books:

; certify-book command flags: ? t
#!ACL2 (er-progn (time$ (certify-book "SMT-formula" ? t  ))
                                 (value (prog2$ #+acl2-hons (memsum)
                                                 #-acl2-hons nil
                                                 (exit 43))))
--- End temp lisp file ---

TARGET: SMT-formula
STEP: certify
Start of output:

Welcome to Clozure Common Lisp Version 1.9  (LinuxX8664)!

 ACL2 Version 7.0 built April 10, 2015  03:01:30.
 Copyright (C) 2015, Regents of the University of Texas
 ACL2 comes with ABSOLUTELY NO WARRANTY.  This is free software and you
 are welcome to redistribute it under certain conditions.  For details,
 see the LICENSE file distributed with ACL2.

 Initialized with (INITIALIZE-ACL2 'INCLUDE-BOOK *ACL2-PASS-2-FILES*).

 Includes support for hash cons, memoization, and applicative hash
 tables.

 See the documentation topic note-7-0 for recent changes.
 Note: We have modified the prompt in some underlying Lisps to further
 distinguish it from the ACL2 prompt.

ACL2 Version 7.0.  Level 1.  Cbd 
"/ubc/cs/home/y/yanpeng/project/ACL2/smtlink/".
System books directory 
"/ubc/cs/research/isd/users/software/ACL2/acl2-7.0/books/".
Type :help for help.
Type (good-bye) to quit completely out of ACL2.

ACL2 !>
Exiting the ACL2 read-eval-print loop.  To re-enter, execute (LP).
? #<Package "ACL2">
? 
ACL2 Version 7.0.  Level 1.  Cbd 
"/ubc/cs/home/y/yanpeng/project/ACL2/smtlink/".
System books directory 
"/ubc/cs/research/isd/users/software/ACL2/acl2-7.0/books/".
Type :help for help.
Type (good-bye) to quit completely out of ACL2.

ACL2 !> "ACL2"
ACL2 !> (PROVE PROOF-TREE
        WARNING OBSERVATION EVENT HISTORY)
ACL2 !> T
ACL2 !> T
ACL2 !>
Summary
Form:  ( DEFUN OPERATOR-LIST ...)
Rules: NIL
Time:  0.00 seconds (prove: 0.00, print: 0.00, other: 0.00)
OPERATOR-LIST

Summary
Form:  ( DEFUN IS-SMT-OPERATOR ...)
Rules: NIL
Time:  0.00 seconds (prove: 0.00, print: 0.00, other: 0.00)
IS-SMT-OPERATOR

Summary
Form:  ( DEFUN SMT-OPERATOR ...)
Rules: NIL
Time:  0.00 seconds (prove: 0.00, print: 0.00, other: 0.00)
SMT-OPERATOR

Summary
Form:  ( DEFUN IS-SMT-TYPE ...)
Rules: ((:FAKE-RUNE-FOR-TYPE-SET NIL))
Time:  0.00 seconds (prove: 0.00, print: 0.00, other: 0.00)
IS-SMT-TYPE

Summary
Form:  ( DEFUN SMT-TYPE ...)
Rules: NIL
Time:  0.00 seconds (prove: 0.00, print: 0.00, other: 0.00)
SMT-TYPE

Summary
Form:  ( DEFUN IS-SMT-RATIONAL ...)
Rules: NIL
Time:  0.00 seconds (prove: 0.00, print: 0.00, other: 0.00)
IS-SMT-RATIONAL

Summary
Form:  ( DEFUN IS-SMT-INTEGER ...)
Rules: NIL
Time:  0.00 seconds (prove: 0.00, print: 0.00, other: 0.00)
IS-SMT-INTEGER

Summary
Form:  ( DEFUN IS-SMT-NUMBER ...)
Rules: ((:TYPE-PRESCRIPTION IS-SMT-INTEGER)
        (:TYPE-PRESCRIPTION IS-SMT-RATIONAL))
Time:  0.00 seconds (prove: 0.00, print: 0.00, other: 0.00)
IS-SMT-NUMBER

Summary
Form:  ( DEFUN SMT-NUMBER ...)
Rules: ((:TYPE-PRESCRIPTION FMT-TO-COMMENT-WINDOW))
Time:  0.00 seconds (prove: 0.00, print: 0.00, other: 0.00)
SMT-NUMBER

Summary
Form:  ( DEFUN IS-SMT-VARIABLE ...)
Rules: NIL
Time:  0.00 seconds (prove: 0.00, print: 0.00, other: 0.00)
IS-SMT-VARIABLE

Summary
Form:  ( DEFUN SMT-VARIABLE ...)
Rules: ((:TYPE-PRESCRIPTION FMT-TO-COMMENT-WINDOW))
Time:  0.00 seconds (prove: 0.00, print: 0.00, other: 0.00)
SMT-VARIABLE

Summary
Form:  ( DEFUN IS-SMT-CONSTANT-NAME ...)
Rules: NIL
Time:  0.00 seconds (prove: 0.00, print: 0.00, other: 0.00)
IS-SMT-CONSTANT-NAME

Summary
Form:  ( DEFUN SMT-CONSTANT-NAME ...)
Rules: ((:TYPE-PRESCRIPTION FMT-TO-COMMENT-WINDOW))
Time:  0.00 seconds (prove: 0.00, print: 0.00, other: 0.00)
SMT-CONSTANT-NAME

Summary
Form:  ( DEFUN SMT-CONSTANT ...)
Rules: ((:FAKE-RUNE-FOR-TYPE-SET NIL)
        (:TYPE-PRESCRIPTION FMT-TO-COMMENT-WINDOW))
Time:  0.00 seconds (prove: 0.00, print: 0.00, other: 0.00)
SMT-CONSTANT

Summary
Form:  ( DEFUN SMT-CONSTANT-LIST-HELP ...)
Rules: ((:FAKE-RUNE-FOR-TYPE-SET NIL))
Time:  0.00 seconds (prove: 0.00, print: 0.00, other: 0.00)
SMT-CONSTANT-LIST-HELP

Summary
Form:  ( DEFUN SMT-CONSTANT-LIST ...)
Rules: ((:TYPE-PRESCRIPTION FMT-TO-COMMENT-WINDOW)
        (:TYPE-PRESCRIPTION SMT-CONSTANT-LIST-HELP))
Time:  0.00 seconds (prove: 0.00, print: 0.00, other: 0.00)
SMT-CONSTANT-LIST

Summary
Form:  ( DEFUN SMT-DECLARATION ...)
Rules: ((:FAKE-RUNE-FOR-TYPE-SET NIL)
        (:TYPE-PRESCRIPTION FMT-TO-COMMENT-WINDOW))
Time:  0.00 seconds (prove: 0.00, print: 0.00, other: 0.00)
SMT-DECLARATION
Goal'
Subgoal 3
Subgoal 3'
Subgoal 3''
Subgoal 2
Subgoal 2'
Subgoal 2''
Subgoal 1
Subgoal 1'
Subgoal 1''

Summary
Form:  ( DEFUN SMT-DECLARATION-LIST-HELP ...)
Rules: ((:DEFINITION ACL2-COUNT)
        (:DEFINITION FIX)
        (:DEFINITION NOT)
        (:DEFINITION O-FINP)
        (:DEFINITION O<)
        (:DEFINITION SYNP)
        (:ELIM CAR-CDR-ELIM)
        (:EXECUTABLE-COUNTERPART ACL2-COUNT)
        (:EXECUTABLE-COUNTERPART BINARY-+)
        (:EXECUTABLE-COUNTERPART CAR)
        (:EXECUTABLE-COUNTERPART EQUAL)
        (:EXECUTABLE-COUNTERPART NOT)
        (:EXECUTABLE-COUNTERPART SYMBOLP)
        (:FAKE-RUNE-FOR-LINEAR NIL)
        (:FAKE-RUNE-FOR-TYPE-SET NIL)
        (:REWRITE CAR-CONS)
        (:REWRITE CDR-CONS)
        (:REWRITE COMMUTATIVITY-2-OF-+)
        (:REWRITE DEFAULT-CAR)
        (:REWRITE DEFAULT-CDR)
        (:REWRITE FOLD-CONSTS-IN-+)
        (:REWRITE UNICITY-OF-0)
        (:TYPE-PRESCRIPTION ACL2-COUNT))
Time:  0.01 seconds (prove: 0.01, print: 0.00, other: 0.00)
Prover steps counted:  2036
SMT-DECLARATION-LIST-HELP

Summary
Form:  ( DEFUN SMT-DECLARATION-LIST ...)
Rules: ((:TYPE-PRESCRIPTION FMT-TO-COMMENT-WINDOW)
        (:TYPE-PRESCRIPTION SMT-DECLARATION-LIST-HELP))
Time:  0.00 seconds (prove: 0.00, print: 0.00, other: 0.00)
SMT-DECLARATION-LIST
Subgoal 3
Subgoal 3'
Subgoal 3.3
Subgoal 3.3'
Subgoal 3.3''
Subgoal 3.2
Subgoal 3.2'
Subgoal 3.2''
Subgoal 3.1
Subgoal 3.1'
Subgoal 3.1''
Subgoal 2
Subgoal 2'
Subgoal 2.2
Subgoal 2.2'
Subgoal 2.2''
Subgoal 2.1
Subgoal 2.1'
Subgoal 2.1''
Subgoal 1
Subgoal 1'
Subgoal 1.2
Subgoal 1.2'
Subgoal 1.2''
Subgoal 1.1
Subgoal 1.1'
Subgoal 1.1''

Summary
Form:  ( MUTUAL-RECURSION ( DEFUN SMT-LAMBDA-FORMAL ...) ...)
Rules: ((:DEFINITION ACL2-COUNT)
        (:DEFINITION FIX)
        (:DEFINITION IS-SMT-OPERATOR)
        (:DEFINITION NOT)
        (:DEFINITION O-FINP)
        (:DEFINITION O<)
        (:DEFINITION OPERATOR-LIST)
        (:DEFINITION SYNP)
        (:ELIM CAR-CDR-ELIM)
        (:EXECUTABLE-COUNTERPART ACL2-COUNT)
        (:EXECUTABLE-COUNTERPART ASSOC-EQUAL)
        (:EXECUTABLE-COUNTERPART BINARY-+)
        (:EXECUTABLE-COUNTERPART CAR)
        (:EXECUTABLE-COUNTERPART CONSP)
        (:EXECUTABLE-COUNTERPART EQUAL)
        (:EXECUTABLE-COUNTERPART IS-SMT-OPERATOR)
        (:EXECUTABLE-COUNTERPART NOT)
        (:EXECUTABLE-COUNTERPART SYMBOLP)
        (:FAKE-RUNE-FOR-LINEAR NIL)
        (:FAKE-RUNE-FOR-TYPE-SET NIL)
        (:REWRITE CAR-CONS)
        (:REWRITE CDR-CONS)
        (:REWRITE COMMUTATIVITY-2-OF-+)
        (:REWRITE COMMUTATIVITY-OF-+)
        (:REWRITE DEFAULT-CAR)
        (:REWRITE DEFAULT-CDR)
        (:REWRITE FOLD-CONSTS-IN-+)
        (:REWRITE UNICITY-OF-0)
        (:TYPE-PRESCRIPTION ACL2-COUNT)
        (:TYPE-PRESCRIPTION FMT-TO-COMMENT-WINDOW)
        (:TYPE-PRESCRIPTION SMT-NUMBER)
        (:TYPE-PRESCRIPTION SMT-VARIABLE))
Time:  0.04 seconds (prove: 0.02, print: 0.00, other: 0.01)
Prover steps counted:  5725
(SMT-LAMBDA-FORMAL SMT-EXPRESSION-LONG SMT-EXPRESSION)

Summary
Form:  ( DEFUN SMT-HYPOTHESIS-LIST ...)
Rules: ((:TYPE-PRESCRIPTION FMT-TO-COMMENT-WINDOW)
        (:TYPE-PRESCRIPTION SMT-EXPRESSION))
Time:  0.00 seconds (prove: 0.00, print: 0.00, other: 0.00)
SMT-HYPOTHESIS-LIST

Summary
Form:  ( DEFUN SMT-CONCLUSION-LIST ...)
Rules: ((:TYPE-PRESCRIPTION FMT-TO-COMMENT-WINDOW)
        (:TYPE-PRESCRIPTION SMT-EXPRESSION))
Time:  0.00 seconds (prove: 0.00, print: 0.00, other: 0.00)
SMT-CONCLUSION-LIST

Summary
Form:  ( DEFUN SMT-FORMULA ...)
Rules: ((:FAKE-RUNE-FOR-TYPE-SET NIL))
Time:  0.00 seconds (prove: 0.00, print: 0.00, other: 0.00)
SMT-FORMULA

Summary
Form:  ( DEFMACRO SMT-FORMULA-TOP ...)
Rules: NIL
Time:  0.00 seconds (prove: 0.00, print: 0.00, other: 0.00)
SMT-FORMULA-TOP



Summary
Form:  (CERTIFY-BOOK "SMT-formula" ...)
Rules: NIL
Time:  0.20 seconds (prove: 0.03, print: 0.00, other: 0.17)
Prover steps counted:  7761
; (EV-REC *RETURN-LAST-ARG3* ...) took 
; 0.20 seconds realtime, 0.18 seconds runtime
; (10,162,896 bytes allocated).
Exit code from ACL2 is 43
-rw------- 1 yanpeng grads 405 Apr 10 11:44 SMT-formula.cert
