"-*- Mode: auto-revert -*-"
/ubc/cs/home/y/yanpeng/project/ACL2/smtlink
mala

Environment variables:
ACL2_CUSTOMIZATION=NONE
ACL2_SYSTEM_BOOKS=/ubc/cs/research/isd/users/software/ACL2/acl2-7.0/books/
ACL2=/ubc/cs/home/y/yanpeng/bin/acl2

Temp lisp file:
(acl2::value :q)
(acl2::in-package "ACL2")
#+acl2-hons (profile-fn 'prove)
#+acl2-hons (profile-fn 'certify-book-fn)
(acl2::lp)
(acl2::in-package "ACL2")

(set-inhibit-output-lst (list (quote prove) (quote proof-tree) (quote warning) (quote observation) (quote event) (quote history)))

(acl2::assign acl2::get-internal-time-as-realtime acl2::t)
; instructions from .acl2 file SMT-translator.acl2:
; cert-flags: ? t :ttags :all :skip-proofs-okp t

; Prevent reset-prehistory while loading .port files
(acl2::assign acl2::skip-reset-prehistory acl2::t)
; portculli for included books:
(acl2::ld "SMT-formula.port" :ld-missing-input-ok t)
(acl2::ld "helper.port" :ld-missing-input-ok t)

; certify-book command flags: ? t :ttags :all :skip-proofs-okp t
#!ACL2 (er-progn (time$ (certify-book "SMT-translator" ? t :ttags :all :skip-proofs-okp t  ))
                                 (value (prog2$ #+acl2-hons (memsum)
                                                 #-acl2-hons nil
                                                 (exit 43))))
--- End temp lisp file ---

TARGET: SMT-translator
STEP: certify
Start of output:

Welcome to Clozure Common Lisp Version 1.9  (LinuxX8664)!

 ACL2 Version 7.0 built April 10, 2015  03:01:30.
 Copyright (C) 2015, Regents of the University of Texas
 ACL2 comes with ABSOLUTELY NO WARRANTY.  This is free software and you
 are welcome to redistribute it under certain conditions.  For details,
 see the LICENSE file distributed with ACL2.

 Initialized with (INITIALIZE-ACL2 'INCLUDE-BOOK *ACL2-PASS-2-FILES*).

 Includes support for hash cons, memoization, and applicative hash
 tables.

 See the documentation topic note-7-0 for recent changes.
 Note: We have modified the prompt in some underlying Lisps to further
 distinguish it from the ACL2 prompt.

ACL2 Version 7.0.  Level 1.  Cbd 
"/ubc/cs/home/y/yanpeng/project/ACL2/smtlink/".
System books directory 
"/ubc/cs/research/isd/users/software/ACL2/acl2-7.0/books/".
Type :help for help.
Type (good-bye) to quit completely out of ACL2.

ACL2 !>
Exiting the ACL2 read-eval-print loop.  To re-enter, execute (LP).
? #<Package "ACL2">
? 
ACL2 Version 7.0.  Level 1.  Cbd 
"/ubc/cs/home/y/yanpeng/project/ACL2/smtlink/".
System books directory 
"/ubc/cs/research/isd/users/software/ACL2/acl2-7.0/books/".
Type :help for help.
Type (good-bye) to quit completely out of ACL2.

ACL2 !> "ACL2"
ACL2 !> (PROVE PROOF-TREE
        WARNING OBSERVATION EVENT HISTORY)
ACL2 !> T
ACL2 !> T
ACL2 !>
ACL2 Version 7.0.  Level 2.  Cbd 
"/ubc/cs/home/y/yanpeng/project/ACL2/smtlink/".
System books directory 
"/ubc/cs/research/isd/users/software/ACL2/acl2-7.0/books/".
Type :help for help.
Type (good-bye) to quit completely out of ACL2.

ACL2 !>> "ACL2"
ACL2 !>>Bye.
 :EOF
ACL2 !>
ACL2 Version 7.0.  Level 2.  Cbd 
"/ubc/cs/home/y/yanpeng/project/ACL2/smtlink/".
System books directory 
"/ubc/cs/research/isd/users/software/ACL2/acl2-7.0/books/".
Type :help for help.
Type (good-bye) to quit completely out of ACL2.

ACL2 !>> "ACL2"
ACL2 !>>Bye.
 :EOF
ACL2 !>
Summary
Form:  ( INCLUDE-BOOK "SMT-formula" ...)
Rules: NIL
Time:  0.03 seconds (prove: 0.00, print: 0.00, other: 0.03)
"/ubc/cs/home/y/yanpeng/project/ACL2/smtlink/SMT-formula.lisp"

Summary
Form:  ( INCLUDE-BOOK "helper" ...)
Rules: NIL
Time:  0.01 seconds (prove: 0.00, print: 0.00, other: 0.01)
"/ubc/cs/home/y/yanpeng/project/ACL2/smtlink/helper.lisp"

Summary
Form:  ( DEFUN TRANSLATE-OPERATOR-LIST ...)
Rules: NIL
Time:  0.00 seconds (prove: 0.00, print: 0.00, other: 0.00)
TRANSLATE-OPERATOR-LIST

Summary
Form:  ( DEFUN TRANSLATE-OPERATOR ...)
Rules: NIL
Time:  0.00 seconds (prove: 0.00, print: 0.00, other: 0.00)
TRANSLATE-OPERATOR

Summary
Form:  ( DEFUN TRANSLATE-TYPE-LIST ...)
Rules: NIL
Time:  0.00 seconds (prove: 0.00, print: 0.00, other: 0.00)
TRANSLATE-TYPE-LIST

Summary
Form:  ( DEFUN TRANSLATE-TYPE ...)
Rules: NIL
Time:  0.00 seconds (prove: 0.00, print: 0.00, other: 0.00)
TRANSLATE-TYPE

Summary
Form:  ( DEFUN TRANSLATE-NUMBER ...)
Rules: ((:FAKE-RUNE-FOR-TYPE-SET NIL)
        (:TYPE-PRESCRIPTION FMT-TO-COMMENT-WINDOW))
Time:  0.00 seconds (prove: 0.00, print: 0.00, other: 0.00)
TRANSLATE-NUMBER

Summary
Form:  ( DEFUN TRANSLATE-VARIABLE ...)
Rules: ((:TYPE-PRESCRIPTION FMT-TO-COMMENT-WINDOW))
Time:  0.00 seconds (prove: 0.00, print: 0.00, other: 0.00)
TRANSLATE-VARIABLE

Summary
Form:  ( DEFUN TRANSLATE-CONST-NAME ...)
Rules: ((:FAKE-RUNE-FOR-TYPE-SET NIL)
        (:TYPE-PRESCRIPTION TRUE-LISTP-SUBSEQ-TYPE-PRESCRIPTION))
Time:  0.00 seconds (prove: 0.00, print: 0.00, other: 0.00)
TRANSLATE-CONST-NAME

Summary
Form:  ( DEFUN TRANSLATE-CONSTANT ...)
Rules: ((:FAKE-RUNE-FOR-TYPE-SET NIL))
Time:  0.00 seconds (prove: 0.00, print: 0.00, other: 0.00)
TRANSLATE-CONSTANT

Summary
Form:  ( DEFUN TRANSLATE-CONSTANT-LIST ...)
Rules: ((:FAKE-RUNE-FOR-TYPE-SET NIL))
Time:  0.00 seconds (prove: 0.00, print: 0.00, other: 0.00)
TRANSLATE-CONSTANT-LIST

Summary
Form:  ( DEFUN TRANSLATE-DECLARATION ...)
Rules: ((:FAKE-RUNE-FOR-TYPE-SET NIL))
Time:  0.00 seconds (prove: 0.00, print: 0.00, other: 0.00)
TRANSLATE-DECLARATION

Summary
Form:  ( DEFUN TRANSLATE-DECLARATION-LIST ...)
Rules: ((:FAKE-RUNE-FOR-TYPE-SET NIL))
Time:  0.00 seconds (prove: 0.00, print: 0.00, other: 0.00)
TRANSLATE-DECLARATION-LIST
Goal'
Goal''
Subgoal 2
Subgoal 1
Subgoal 1'

Summary
Form:  ( DEFUN MAKE-LAMBDA-LIST ...)
Rules: ((:DEFINITION ACL2-COUNT)
        (:DEFINITION ENDP)
        (:DEFINITION O-FINP)
        (:DEFINITION O<)
        (:ELIM CAR-CDR-ELIM)
        (:FAKE-RUNE-FOR-LINEAR NIL)
        (:FAKE-RUNE-FOR-TYPE-SET NIL)
        (:REWRITE CAR-CONS)
        (:REWRITE CDR-CONS)
        (:TYPE-PRESCRIPTION ACL2-COUNT))
Time:  0.01 seconds (prove: 0.00, print: 0.00, other: 0.00)
Prover steps counted:  616
MAKE-LAMBDA-LIST

ACL2 Warning [Skip-proofs] in CERTIFY-BOOK:  ACL2 has encountered a
SKIP-PROOFS form, 
(SKIP-PROOFS
 (MUTUAL-RECURSION
  (DEFUN
   TRANSLATE-EXPRESSION-LONG (EXPRESSION)
   "translate-expression-long: translate a SMT expression's parameters in ACL2 into Z3 expression"
   (IF (ENDP #)
       (TRANSLATE-EXPRESSION #)
       (CONS # #)))
  (DEFUN
   TRANSLATE-EXPRESSION (EXPRESSION)
   "translate-expression: translate a SMT expression in ACL2 to Z3 expression"
   (IF (AND # # #)
       (COND # # # #)
       (COND # # # # #))))),
in the context of a book or an encapsulate event.  Therefore, no logical
claims may be soundly made in this context.  See :DOC SKIP-PROOFS.
(See :DOC set-iprint to be able to see elided values in this message.)

(TRANSLATE-EXPRESSION-LONG TRANSLATE-EXPRESSION)

Summary
Form:  ( DEFUN TRANSLATE-HYPOTHESIS-LIST ...)
Rules: ((:FAKE-RUNE-FOR-TYPE-SET NIL))
Time:  0.00 seconds (prove: 0.00, print: 0.00, other: 0.00)
TRANSLATE-HYPOTHESIS-LIST

Summary
Form:  ( DEFUN TRANSLATE-CONCLUSION-LIST ...)
Rules: ((:FAKE-RUNE-FOR-TYPE-SET NIL))
Time:  0.00 seconds (prove: 0.00, print: 0.00, other: 0.00)
TRANSLATE-CONCLUSION-LIST

Summary
Form:  ( DEFUN TRANSLATE-THEOREM ...)
Rules: NIL
Time:  0.00 seconds (prove: 0.00, print: 0.00, other: 0.00)
TRANSLATE-THEOREM

Summary
Form:  ( DEFUN TRANSLATE-SMT-FORMULA ...)
Rules: ((:FAKE-RUNE-FOR-TYPE-SET NIL))
Time:  0.00 seconds (prove: 0.00, print: 0.00, other: 0.00)
TRANSLATE-SMT-FORMULA

ACL2 Warning [Skip-proofs] in (CERTIFY-BOOK "SMT-translator" ...):
The book "/ubc/cs/home/y/yanpeng/project/ACL2/smtlink/SMT-translator.lisp"
contains one or more SKIP-PROOFS events.




Summary
Form:  (CERTIFY-BOOK "SMT-translator" ...)
Rules: NIL
Warnings:  Skip-proofs
Time:  0.20 seconds (prove: 0.00, print: 0.00, other: 0.20)
Prover steps counted:  616
; (EV-REC *RETURN-LAST-ARG3* ...) took 
; 0.20 seconds realtime, 0.16 seconds runtime
; (7,985,584 bytes allocated).
Exit code from ACL2 is 43
-rw------- 1 yanpeng grads 624 Apr 10 11:44 SMT-translator.cert
