"-*- Mode: auto-revert -*-"
/ubc/cs/home/y/yanpeng/project/ACL2/smtlink
mala

Environment variables:
ACL2_CUSTOMIZATION=NONE
ACL2_SYSTEM_BOOKS=/ubc/cs/research/isd/users/software/ACL2/acl2-7.0/books/
ACL2=/ubc/cs/home/y/yanpeng/bin/acl2

Temp lisp file:
(acl2::value :q)
(acl2::in-package "ACL2")
#+acl2-hons (profile-fn 'prove)
#+acl2-hons (profile-fn 'certify-book-fn)
(acl2::lp)
(acl2::in-package "ACL2")

(set-inhibit-output-lst (list (quote prove) (quote proof-tree) (quote warning) (quote observation) (quote event) (quote history)))

(acl2::assign acl2::get-internal-time-as-realtime acl2::t)
; instructions from .acl2 file SMT-connect.acl2:
; cert-flags: ? t :ttags :all :skip-proofs-okp t

; Prevent reset-prehistory while loading .port files
(acl2::assign acl2::skip-reset-prehistory acl2::t)
; portculli for included books:

; certify-book command flags: ? t :ttags :all :skip-proofs-okp t
#!ACL2 (er-progn (time$ (certify-book "SMT-connect" ? t :ttags :all :skip-proofs-okp t  ))
                                 (value (prog2$ #+acl2-hons (memsum)
                                                 #-acl2-hons nil
                                                 (exit 43))))
--- End temp lisp file ---

TARGET: SMT-connect
STEP: certify
Start of output:

Welcome to Clozure Common Lisp Version 1.9  (LinuxX8664)!

 ACL2 Version 7.0 built April 10, 2015  03:01:30.
 Copyright (C) 2015, Regents of the University of Texas
 ACL2 comes with ABSOLUTELY NO WARRANTY.  This is free software and you
 are welcome to redistribute it under certain conditions.  For details,
 see the LICENSE file distributed with ACL2.

 Initialized with (INITIALIZE-ACL2 'INCLUDE-BOOK *ACL2-PASS-2-FILES*).

 Includes support for hash cons, memoization, and applicative hash
 tables.

 See the documentation topic note-7-0 for recent changes.
 Note: We have modified the prompt in some underlying Lisps to further
 distinguish it from the ACL2 prompt.

ACL2 Version 7.0.  Level 1.  Cbd 
"/ubc/cs/home/y/yanpeng/project/ACL2/smtlink/".
System books directory 
"/ubc/cs/research/isd/users/software/ACL2/acl2-7.0/books/".
Type :help for help.
Type (good-bye) to quit completely out of ACL2.

ACL2 !>
Exiting the ACL2 read-eval-print loop.  To re-enter, execute (LP).
? #<Package "ACL2">
? 
ACL2 Version 7.0.  Level 1.  Cbd 
"/ubc/cs/home/y/yanpeng/project/ACL2/smtlink/".
System books directory 
"/ubc/cs/research/isd/users/software/ACL2/acl2-7.0/books/".
Type :help for help.
Type (good-bye) to quit completely out of ACL2.

ACL2 !> "ACL2"
ACL2 !> (PROVE PROOF-TREE
        WARNING OBSERVATION EVENT HISTORY)
ACL2 !> T
ACL2 !> T
ACL2 !>:INVISIBLE

TTAG NOTE: Adding ttag :MY-CL-PROC from book /ubc/cs/home/y/yanpeng/project/ACL2/smtlink/SMT-connect.
:MY-CL-PROC
T
:INVISIBLE

Summary
Form:  ( DEFUN ACL2-MY-PROVE ...)
Rules: ((:FAKE-RUNE-FOR-TYPE-SET NIL))
Time:  0.00 seconds (prove: 0.00, print: 0.00, other: 0.00)
ACL2-MY-PROVE

Summary
Form:  ( DEFTHM TRUE-LISTP-ACL2-MY-PROVE ...)
Rules: ((:TYPE-PRESCRIPTION ACL2-MY-PROVE))
Time:  0.00 seconds (prove: 0.00, print: 0.00, other: 0.00)
TRUE-LISTP-ACL2-MY-PROVE

Summary
Form:  ( ENCAPSULATE ((ACL2-MY-PROVE ...) ...) ...)
Rules: NIL
Time:  0.01 seconds (prove: 0.00, print: 0.00, other: 0.01)
T

ACL2 Warning [Compiled file] in ( INCLUDE-BOOK "./helper" ...):  Attempting
to load source file 
"/ubc/cs/home/y/yanpeng/project/ACL2/smtlink/helper.lisp" instead of
the corresponding compiled file, because the compiled file does not
exist.


ACL2 Warning [Compiled file] in ( INCLUDE-BOOK "./SMT-run" ...):  Attempting
to load source file 
"/ubc/cs/home/y/yanpeng/project/ACL2/smtlink/SMT-run.lisp" instead
of the corresponding compiled file, because the compiled file does
not exist.


ACL2 Warning [Compiled file] in ( INCLUDE-BOOK "./config" ...):  Attempting
to load source file 
"/ubc/cs/home/y/yanpeng/project/ACL2/smtlink/config.lisp" instead of
the corresponding compiled file, because the compiled file does not
exist.


ACL2 Warning [Compiled file] in ( INCLUDE-BOOK "./SMT-interpreter"
...):  Attempting to load source file 
"/ubc/cs/home/y/yanpeng/project/ACL2/smtlink/SMT-interpreter.lisp"
instead of the corresponding compiled file, because the compiled file
does not exist.


ACL2 Warning [Compiled file] in ( INCLUDE-BOOK "SMT-run" ...):  Attempting
to load source file 
"/ubc/cs/home/y/yanpeng/project/ACL2/smtlink/SMT-run.lisp" instead
of the corresponding compiled file, because the compiled file does
not exist.


ACL2 Warning [Compiled file] in ( INCLUDE-BOOK "./config" ...):  Attempting
to load source file 
"/ubc/cs/home/y/yanpeng/project/ACL2/smtlink/config.lisp" instead of
the corresponding compiled file, because the compiled file does not
exist.


ACL2 Warning [Compiled file] in ( INCLUDE-BOOK "./SMT-function" ...):
Attempting to load source file 
"/ubc/cs/home/y/yanpeng/project/ACL2/smtlink/SMT-function.lisp" instead
of the corresponding compiled file, because the compiled file does
not exist.


ACL2 Warning [Compiled file] in ( INCLUDE-BOOK "./helper" ...):  Attempting
to load source file 
"/ubc/cs/home/y/yanpeng/project/ACL2/smtlink/helper.lisp" instead of
the corresponding compiled file, because the compiled file does not
exist.


ACL2 Warning [Compiled file] in ( INCLUDE-BOOK "./SMT-extract" ...):
Attempting to load source file 
"/ubc/cs/home/y/yanpeng/project/ACL2/smtlink/SMT-extract.lisp" instead
of the corresponding compiled file, because the compiled file does
not exist.


ACL2 Warning [Compiled file] in ( INCLUDE-BOOK "./helper" ...):  Attempting
to load source file 
"/ubc/cs/home/y/yanpeng/project/ACL2/smtlink/helper.lisp" instead of
the corresponding compiled file, because the compiled file does not
exist.


ACL2 Warning [Compiled file] in ( INCLUDE-BOOK "./SMT-translator" ...):
Attempting to load source file 
"/ubc/cs/home/y/yanpeng/project/ACL2/smtlink/SMT-translator.lisp" instead
of the corresponding compiled file, because the compiled file does
not exist.


ACL2 Warning [Compiled file] in ( INCLUDE-BOOK "SMT-formula" ...):
Attempting to load source file 
"/ubc/cs/home/y/yanpeng/project/ACL2/smtlink/SMT-formula.lisp" instead
of the corresponding compiled file, because the compiled file does
not exist.


ACL2 Warning [Compiled file] in ( INCLUDE-BOOK "helper" ...):  Attempting
to load source file 
"/ubc/cs/home/y/yanpeng/project/ACL2/smtlink/helper.lisp" instead of
the corresponding compiled file, because the compiled file does not
exist.


Summary
Form:  ( PROGN! (SET-RAW-MODE-ON STATE) ...)
Rules: NIL
Warnings:  Compiled file
Time:  32.76 seconds (prove: 0.00, print: 0.00, other: 32.76)
NIL

Summary
Form:  ( DEFUN MY-CLAUSE-PROCESSOR ...)
Rules: NIL
Time:  0.01 seconds (prove: 0.00, print: 0.00, other: 0.01)
MY-CLAUSE-PROCESSOR

Summary
Form:  ( PUSH-UNTOUCHABLE ACL2-MY-PROVE T)
Rules: NIL
Time:  0.00 seconds (prove: 0.00, print: 0.00, other: 0.00)
ACL2-MY-PROVE

Summary
Form:  ( PROGN (PROGN! ...) ...)
Rules: NIL
Warnings:  Compiled file
Time:  32.77 seconds (prove: 0.00, print: 0.00, other: 32.77)
ACL2-MY-PROVE
:PASSED
:MY-CL-PROC

Summary
Form:  ( TABLE TRUSTED-CLAUSE-PROCESSOR-TABLE ...)
Rules: NIL
Time:  0.00 seconds (prove: 0.00, print: 0.00, other: 0.00)
TRUSTED-CLAUSE-PROCESSOR-TABLE

Summary
Form:  ( ENCAPSULATE NIL (ASSERT-EVENT ...) ...)
Rules: NIL
Time:  0.00 seconds (prove: 0.00, print: 0.00, other: 0.00)
T



Summary
Form:  (CERTIFY-BOOK "SMT-connect" ...)
Rules: NIL
Warnings:  Compiled file
Time:  32.86 seconds (prove: 0.00, print: 0.00, other: 32.86)
; (EV-REC *RETURN-LAST-ARG3* ...) took 
; 32.86 seconds realtime, 23.50 seconds runtime
; (1,456,693,328 bytes allocated).
Exit code from ACL2 is 43
-rw------- 1 yanpeng grads 423 Apr 10 11:44 SMT-connect.cert
