"-*- Mode: auto-revert -*-"
/ubc/cs/home/y/yanpeng/project/ACL2/smtlink
mala

Environment variables:
ACL2_CUSTOMIZATION=NONE
ACL2_SYSTEM_BOOKS=/ubc/cs/research/isd/users/software/ACL2/acl2-7.0/books/
ACL2=/ubc/cs/home/y/yanpeng/bin/acl2

Temp lisp file:
(acl2::value :q)
(acl2::in-package "ACL2")
#+acl2-hons (profile-fn 'prove)
#+acl2-hons (profile-fn 'certify-book-fn)
(acl2::lp)
(acl2::in-package "ACL2")

(set-inhibit-output-lst (list (quote prove) (quote proof-tree) (quote warning) (quote observation) (quote event) (quote history)))

(acl2::assign acl2::get-internal-time-as-realtime acl2::t)
; instructions from .acl2 file SMT-z3.acl2:
; cert-flags: ? t :ttags :all :skip-proofs-okp t

; Prevent reset-prehistory while loading .port files
(acl2::assign acl2::skip-reset-prehistory acl2::t)
; portculli for included books:
(acl2::ld "./helper.port" :ld-missing-input-ok t)
(acl2::ld "./SMT-run.port" :ld-missing-input-ok t)
(acl2::ld "./SMT-interpreter.port" :ld-missing-input-ok t)
(acl2::ld "./SMT-function.port" :ld-missing-input-ok t)
(acl2::ld "./SMT-translator.port" :ld-missing-input-ok t)

; certify-book command flags: ? t :ttags :all :skip-proofs-okp t
#!ACL2 (er-progn (time$ (certify-book "SMT-z3" ? t :ttags :all :skip-proofs-okp t  ))
                                 (value (prog2$ #+acl2-hons (memsum)
                                                 #-acl2-hons nil
                                                 (exit 43))))
--- End temp lisp file ---

TARGET: SMT-z3
STEP: certify
Start of output:

Welcome to Clozure Common Lisp Version 1.9  (LinuxX8664)!

 ACL2 Version 7.0 built April 10, 2015  03:01:30.
 Copyright (C) 2015, Regents of the University of Texas
 ACL2 comes with ABSOLUTELY NO WARRANTY.  This is free software and you
 are welcome to redistribute it under certain conditions.  For details,
 see the LICENSE file distributed with ACL2.

 Initialized with (INITIALIZE-ACL2 'INCLUDE-BOOK *ACL2-PASS-2-FILES*).

 Includes support for hash cons, memoization, and applicative hash
 tables.

 See the documentation topic note-7-0 for recent changes.
 Note: We have modified the prompt in some underlying Lisps to further
 distinguish it from the ACL2 prompt.

ACL2 Version 7.0.  Level 1.  Cbd 
"/ubc/cs/home/y/yanpeng/project/ACL2/smtlink/".
System books directory 
"/ubc/cs/research/isd/users/software/ACL2/acl2-7.0/books/".
Type :help for help.
Type (good-bye) to quit completely out of ACL2.

ACL2 !>
Exiting the ACL2 read-eval-print loop.  To re-enter, execute (LP).
? #<Package "ACL2">
? 
ACL2 Version 7.0.  Level 1.  Cbd 
"/ubc/cs/home/y/yanpeng/project/ACL2/smtlink/".
System books directory 
"/ubc/cs/research/isd/users/software/ACL2/acl2-7.0/books/".
Type :help for help.
Type (good-bye) to quit completely out of ACL2.

ACL2 !> "ACL2"
ACL2 !> (PROVE PROOF-TREE
        WARNING OBSERVATION EVENT HISTORY)
ACL2 !> T
ACL2 !> T
ACL2 !>
ACL2 Version 7.0.  Level 2.  Cbd 
"/ubc/cs/home/y/yanpeng/project/ACL2/smtlink/".
System books directory 
"/ubc/cs/research/isd/users/software/ACL2/acl2-7.0/books/".
Type :help for help.
Type (good-bye) to quit completely out of ACL2.

ACL2 !>> "ACL2"
ACL2 !>>Bye.
 :EOF
ACL2 !>
ACL2 Version 7.0.  Level 2.  Cbd 
"/ubc/cs/home/y/yanpeng/project/ACL2/smtlink/".
System books directory 
"/ubc/cs/research/isd/users/software/ACL2/acl2-7.0/books/".
Type :help for help.
Type (good-bye) to quit completely out of ACL2.

ACL2 !>> "ACL2"
ACL2 !>>
Summary
Form:  ( INCLUDE-BOOK "std/portcullis" ...)
Rules: NIL
Time:  0.12 seconds (prove: 0.00, print: 0.00, other: 0.12)
 "/ubc/cs/research/isd/users/software/ACL2/acl2-7.0/books/std/portcullis.lisp"
ACL2 !>>
Summary
Form:  ( INCLUDE-BOOK "cowles/portcullis" ...)
Rules: NIL
Time:  0.05 seconds (prove: 0.00, print: 0.00, other: 0.05)
 "/ubc/cs/research/isd/users/software/ACL2/acl2-7.0/books/cowles/portcullis.lisp"
ACL2 !>>
Summary
Form:  ( INCLUDE-BOOK "data-structures/portcullis" ...)
Rules: NIL
Time:  0.05 seconds (prove: 0.00, print: 0.00, other: 0.05)
 "/ubc/cs/research/isd/users/software/ACL2/acl2-7.0/books/data-structures/portcullis.lisp"
ACL2 !>>
Summary
Form:  ( INCLUDE-BOOK "centaur/fty/portcullis" ...)
Rules: NIL
Time:  0.02 seconds (prove: 0.00, print: 0.00, other: 0.02)
 "/ubc/cs/research/isd/users/software/ACL2/acl2-7.0/books/centaur/fty/portcullis.lisp"
ACL2 !>>
Summary
Form:  ( INCLUDE-BOOK 
"/ubc/cs/research/isd/users/software/ACL2/acl2-7.0/books/std/typed-lists/portcullis"
...)
Rules: NIL
Time:  0.00 seconds (prove: 0.00, print: 0.00, other: 0.00)
 "/ubc/cs/research/isd/users/software/ACL2/acl2-7.0/books/std/typed-lists/portcullis.lisp"
ACL2 !>>
Summary
Form:  ( INCLUDE-BOOK "oslib/portcullis" ...)
Rules: NIL
Time:  0.03 seconds (prove: 0.00, print: 0.00, other: 0.03)
 "/ubc/cs/research/isd/users/software/ACL2/acl2-7.0/books/oslib/portcullis.lisp"
ACL2 !>>Bye.
 :EOF
ACL2 !>
ACL2 Version 7.0.  Level 2.  Cbd 
"/ubc/cs/home/y/yanpeng/project/ACL2/smtlink/".
System books directory 
"/ubc/cs/research/isd/users/software/ACL2/acl2-7.0/books/".
Type :help for help.
Type (good-bye) to quit completely out of ACL2.

ACL2 !>> "ACL2"
ACL2 !>>
Summary
Form:  ( INCLUDE-BOOK "std/portcullis" ...)
Rules: NIL
Time:  0.00 seconds (prove: 0.00, print: 0.00, other: 0.00)
 :REDUNDANT
ACL2 !>>
Summary
Form:  ( INCLUDE-BOOK "cowles/portcullis" ...)
Rules: NIL
Time:  0.00 seconds (prove: 0.00, print: 0.00, other: 0.00)
 :REDUNDANT
ACL2 !>>
Summary
Form:  ( INCLUDE-BOOK "data-structures/portcullis" ...)
Rules: NIL
Time:  0.00 seconds (prove: 0.00, print: 0.00, other: 0.00)
 :REDUNDANT
ACL2 !>>
Summary
Form:  ( INCLUDE-BOOK "centaur/fty/portcullis" ...)
Rules: NIL
Time:  0.00 seconds (prove: 0.00, print: 0.00, other: 0.00)
 :REDUNDANT
ACL2 !>>
Summary
Form:  ( INCLUDE-BOOK 
"/ubc/cs/research/isd/users/software/ACL2/acl2-7.0/books/std/typed-lists/portcullis"
...)
Rules: NIL
Time:  0.00 seconds (prove: 0.00, print: 0.00, other: 0.00)
 :REDUNDANT
ACL2 !>>
Summary
Form:  ( INCLUDE-BOOK "oslib/portcullis" ...)
Rules: NIL
Time:  0.00 seconds (prove: 0.00, print: 0.00, other: 0.00)
 :REDUNDANT
ACL2 !>>Bye.
 :EOF
ACL2 !>
ACL2 Version 7.0.  Level 2.  Cbd 
"/ubc/cs/home/y/yanpeng/project/ACL2/smtlink/".
System books directory 
"/ubc/cs/research/isd/users/software/ACL2/acl2-7.0/books/".
Type :help for help.
Type (good-bye) to quit completely out of ACL2.

ACL2 !>> "ACL2"
ACL2 !>>
Summary
Form:  ( INCLUDE-BOOK "std/portcullis" ...)
Rules: NIL
Time:  0.00 seconds (prove: 0.00, print: 0.00, other: 0.00)
 :REDUNDANT
ACL2 !>>
Summary
Form:  ( INCLUDE-BOOK "cowles/portcullis" ...)
Rules: NIL
Time:  0.00 seconds (prove: 0.00, print: 0.00, other: 0.00)
 :REDUNDANT
ACL2 !>>
Summary
Form:  ( INCLUDE-BOOK "data-structures/portcullis" ...)
Rules: NIL
Time:  0.00 seconds (prove: 0.00, print: 0.00, other: 0.00)
 :REDUNDANT
ACL2 !>>
Summary
Form:  ( INCLUDE-BOOK "centaur/fty/portcullis" ...)
Rules: NIL
Time:  0.00 seconds (prove: 0.00, print: 0.00, other: 0.00)
 :REDUNDANT
ACL2 !>>
Summary
Form:  ( INCLUDE-BOOK 
"/ubc/cs/research/isd/users/software/ACL2/acl2-7.0/books/std/typed-lists/portcullis"
...)
Rules: NIL
Time:  0.00 seconds (prove: 0.00, print: 0.00, other: 0.00)
 :REDUNDANT
ACL2 !>>Bye.
 :EOF
ACL2 !>
ACL2 Version 7.0.  Level 2.  Cbd 
"/ubc/cs/home/y/yanpeng/project/ACL2/smtlink/".
System books directory 
"/ubc/cs/research/isd/users/software/ACL2/acl2-7.0/books/".
Type :help for help.
Type (good-bye) to quit completely out of ACL2.

ACL2 !>> "ACL2"
ACL2 !>>Bye.
 :EOF
ACL2 !>
Summary
Form:  ( INCLUDE-BOOK "./helper" ...)
Rules: NIL
Time:  0.01 seconds (prove: 0.00, print: 0.00, other: 0.01)
"/ubc/cs/home/y/yanpeng/project/ACL2/smtlink/helper.lisp"

TTAG NOTE (for included book): Adding ttag :TSHELL from book /ubc/cs/home/y/yanpeng/project/ACL2/smtlink/SMT-run.

ACL2 Warning [Ttags] in ( INCLUDE-BOOK "./SMT-run" ...):  The ttag
note just printed to the terminal indicates a modification to ACL2.
To avoid this warning, supply an explicit :TTAGS argument when including
the book "/ubc/cs/home/y/yanpeng/project/ACL2/smtlink/SMT-run".


TTAG NOTE (for included book): Adding ttag :TSHELL from book /ubc/cs/research/isd/users/software/ACL2/acl2-7.0/books/centaur/misc/tshell.

ACL2 Warning [Ttags] in ( INCLUDE-BOOK "./SMT-run" ...):  The ttag
note just printed to the terminal indicates a modification to ACL2.
To avoid this warning, supply an explicit :TTAGS argument when including
the book "/ubc/cs/home/y/yanpeng/project/ACL2/smtlink/SMT-run".


TTAG NOTE (for included book): Adding ttag :WRITES-OKP from book /ubc/cs/home/y/yanpeng/project/ACL2/smtlink/SMT-run.

ACL2 Warning [Ttags] in ( INCLUDE-BOOK "./SMT-run" ...):  The ttag
note just printed to the terminal indicates a modification to ACL2.
To avoid this warning, supply an explicit :TTAGS argument when including
the book "/ubc/cs/home/y/yanpeng/project/ACL2/smtlink/SMT-run".


Summary
Form:  ( INCLUDE-BOOK "./SMT-run" ...)
Rules: NIL
Warnings:  Ttags
Time:  1.71 seconds (prove: 0.00, print: 0.00, other: 1.71)
"/ubc/cs/home/y/yanpeng/project/ACL2/smtlink/SMT-run.lisp"

TTAG NOTE (for included book): Adding ttag :TSHELL from book /ubc/cs/home/y/yanpeng/project/ACL2/smtlink/SMT-interpreter.

ACL2 Warning [Ttags] in ( INCLUDE-BOOK "./SMT-interpreter" ...):  The
ttag note just printed to the terminal indicates a modification to
ACL2.  To avoid this warning, supply an explicit :TTAGS argument when
including the book 
"/ubc/cs/home/y/yanpeng/project/ACL2/smtlink/SMT-interpreter".


TTAG NOTE (for included book): Adding ttag :TSHELL from book /ubc/cs/research/isd/users/software/ACL2/acl2-7.0/books/centaur/misc/tshell.

ACL2 Warning [Ttags] in ( INCLUDE-BOOK "./SMT-interpreter" ...):  The
ttag note just printed to the terminal indicates a modification to
ACL2.  To avoid this warning, supply an explicit :TTAGS argument when
including the book 
"/ubc/cs/home/y/yanpeng/project/ACL2/smtlink/SMT-interpreter".


TTAG NOTE (for included book): Adding ttag :TSHELL from book /ubc/cs/home/y/yanpeng/project/ACL2/smtlink/SMT-run.

ACL2 Warning [Ttags] in ( INCLUDE-BOOK "./SMT-interpreter" ...):  The
ttag note just printed to the terminal indicates a modification to
ACL2.  To avoid this warning, supply an explicit :TTAGS argument when
including the book 
"/ubc/cs/home/y/yanpeng/project/ACL2/smtlink/SMT-interpreter".


TTAG NOTE (for included book): Adding ttag :WRITES-OKP from book /ubc/cs/home/y/yanpeng/project/ACL2/smtlink/SMT-run.

ACL2 Warning [Ttags] in ( INCLUDE-BOOK "./SMT-interpreter" ...):  The
ttag note just printed to the terminal indicates a modification to
ACL2.  To avoid this warning, supply an explicit :TTAGS argument when
including the book 
"/ubc/cs/home/y/yanpeng/project/ACL2/smtlink/SMT-interpreter".


Summary
Form:  ( INCLUDE-BOOK "./SMT-interpreter" ...)
Rules: NIL
Warnings:  Ttags
Time:  0.03 seconds (prove: 0.00, print: 0.00, other: 0.03)
"/ubc/cs/home/y/yanpeng/project/ACL2/smtlink/SMT-interpreter.lisp"

ACL2 Warning [Skip-proofs] in ( INCLUDE-BOOK "./SMT-function" ...):
The book "/ubc/cs/home/y/yanpeng/project/ACL2/smtlink/SMT-function.lisp"
(including events from its portcullis) contains one or more SKIP-PROOFS
events.


ACL2 Warning [Skip-proofs] in ( INCLUDE-BOOK "./SMT-function" ...):
ACL2 has encountered a SKIP-PROOFS form, 
(SKIP-PROOFS (MUTUAL-RECURSION (DEFUN EXPAND-FN-HELP-LIST
                                      (EXPR FN-LST FN-LEVEL-LST
                                            FN-WAITING FN-EXTENDED NUM STATE)
                                      "expand-fn-help-list"
                                      (DECLARE (XARGS :MEASURE #))
                                      (IF (ENDP EXPR)
                                          (MV NIL NUM)
                                          (MV-LET # # #)))
                               (DEFUN EXPAND-FN-HELP
                                      (EXPR FN-LST FN-LEVEL-LST
                                            FN-WAITING FN-EXTENDED NUM STATE)
                                      "expand-fn-help: expand an expression"
                                      (DECLARE (XARGS :MEASURE #))
                                      (COND (# #) (# #) (T #))))),
in the context of a book or an encapsulate event.  Therefore, no logical
claims may be soundly made in this context.  See :DOC SKIP-PROOFS.
(See :DOC set-iprint to be able to see elided values in this message.)


Summary
Form:  ( INCLUDE-BOOK "./SMT-function" ...)
Rules: NIL
Warnings:  Skip-proofs
Time:  1.93 seconds (prove: 0.00, print: 0.00, other: 1.93)
"/ubc/cs/home/y/yanpeng/project/ACL2/smtlink/SMT-function.lisp"

ACL2 Warning [Skip-proofs] in ( INCLUDE-BOOK "./SMT-translator" ...):
The book "/ubc/cs/home/y/yanpeng/project/ACL2/smtlink/SMT-translator.lisp"
contains one or more SKIP-PROOFS events.


ACL2 Warning [Skip-proofs] in ( INCLUDE-BOOK "./SMT-translator" ...):
ACL2 has encountered a SKIP-PROOFS form, 
(SKIP-PROOFS
 (MUTUAL-RECURSION
  (DEFUN
   TRANSLATE-EXPRESSION-LONG (EXPRESSION)
   "translate-expression-long: translate a SMT expression's parameters in ACL2 into Z3 expression"
   (IF (ENDP #)
       (TRANSLATE-EXPRESSION #)
       (CONS # #)))
  (DEFUN
   TRANSLATE-EXPRESSION (EXPRESSION)
   "translate-expression: translate a SMT expression in ACL2 to Z3 expression"
   (IF (AND # # #)
       (COND # # # #)
       (COND # # # # #))))),
in the context of a book or an encapsulate event.  Therefore, no logical
claims may be soundly made in this context.  See :DOC SKIP-PROOFS.
(See :DOC set-iprint to be able to see elided values in this message.)


Summary
Form:  ( INCLUDE-BOOK "./SMT-translator" ...)
Rules: NIL
Warnings:  Skip-proofs
Time:  0.04 seconds (prove: 0.00, print: 0.00, other: 0.04)
"/ubc/cs/home/y/yanpeng/project/ACL2/smtlink/SMT-translator.lisp"

TTAG NOTE: Adding ttag :TSHELL from book /ubc/cs/home/y/yanpeng/project/ACL2/smtlink/SMT-z3.
:TSHELL
T
T
:INVISIBLE

Summary
Form:  ( MUTUAL-RECURSION ( DEFUN LISP-CODE-PRINT-HELP ...) ...)
Rules: NIL
Time:  0.01 seconds (prove: 0.00, print: 0.00, other: 0.01)
(LISP-CODE-PRINT-HELP LISP-CODE-PRINT)

Summary
Form:  ( DEFUN MY-PROVE-SMT-FORMULA ...)
Rules: NIL
Time:  0.00 seconds (prove: 0.00, print: 0.00, other: 0.00)
MY-PROVE-SMT-FORMULA

Summary
Form:  ( DEFUN MY-PROVE-WRITE-FILE ...)
Rules: NIL
Time:  0.00 seconds (prove: 0.00, print: 0.00, other: 0.00)
MY-PROVE-WRITE-FILE

Summary
Form:  ( DEFUN MY-PROVE-WRITE-EXPANDER-FILE ...)
Rules: NIL
Time:  0.00 seconds (prove: 0.00, print: 0.00, other: 0.00)
MY-PROVE-WRITE-EXPANDER-FILE

Summary
Form:  ( DEFUN CREATE-LEVEL ...)
Rules: NIL
Time:  0.00 seconds (prove: 0.00, print: 0.00, other: 0.00)
CREATE-LEVEL

Summary
Form:  ( DEFUN MY-PROVE-BUILD-LOG-FILE ...)
Rules: NIL
Time:  0.00 seconds (prove: 0.00, print: 0.00, other: 0.00)
MY-PROVE-BUILD-LOG-FILE

Summary
Form:  ( DEFUN TRANSLATE-HYPO ...)
Rules: NIL
Time:  0.00 seconds (prove: 0.00, print: 0.00, other: 0.00)
TRANSLATE-HYPO

Summary
Form:  ( DEFUN TRANSLATE-LET ...)
Rules: NIL
Time:  0.00 seconds (prove: 0.00, print: 0.00, other: 0.00)
TRANSLATE-LET

Summary
Form:  ( DEFUN GET-HINT-FORMULA ...)
Rules: NIL
Time:  0.00 seconds (prove: 0.00, print: 0.00, other: 0.00)
GET-HINT-FORMULA

Summary
Form:  ( DEFUN ADD-HINTS ...)
Rules: NIL
Time:  0.00 seconds (prove: 0.00, print: 0.00, other: 0.00)
ADD-HINTS

Summary
Form:  ( DEFUN AUGMENT-HYPOTHESIS ...)
Rules: NIL
Time:  0.00 seconds (prove: 0.00, print: 0.00, other: 0.00)
AUGMENT-HYPOTHESIS

Summary
Form:  ( DEFUN SEPARATE-TYPE ...)
Rules: NIL
Time:  0.00 seconds (prove: 0.00, print: 0.00, other: 0.00)
SEPARATE-TYPE

Summary
Form:  ( DEFUN CREATE-TYPE-THEOREM-HELPER-NO-HINTS ...)
Rules: NIL
Time:  0.00 seconds (prove: 0.00, print: 0.00, other: 0.00)
CREATE-TYPE-THEOREM-HELPER-NO-HINTS

Summary
Form:  ( DEFUN CREATE-TYPE-THEOREM-HELPER-WITH-HINTS ...)
Rules: NIL
Time:  0.00 seconds (prove: 0.00, print: 0.00, other: 0.00)
CREATE-TYPE-THEOREM-HELPER-WITH-HINTS

Summary
Form:  ( DEFUN CREATE-TYPE-THEOREM ...)
Rules: NIL
Time:  0.00 seconds (prove: 0.00, print: 0.00, other: 0.00)
CREATE-TYPE-THEOREM

Summary
Form:  ( DEFUN CREATE-HYPO-THEOREM-HELPER-NO-HINTS ...)
Rules: NIL
Time:  0.00 seconds (prove: 0.00, print: 0.00, other: 0.00)
CREATE-HYPO-THEOREM-HELPER-NO-HINTS

Summary
Form:  ( DEFUN CREATE-HYPO-THEOREM-HELPER-WITH-HINTS ...)
Rules: NIL
Time:  0.00 seconds (prove: 0.00, print: 0.00, other: 0.00)
CREATE-HYPO-THEOREM-HELPER-WITH-HINTS

Summary
Form:  ( DEFUN CREATE-HYPO-THEOREM ...)
Rules: NIL
Time:  0.00 seconds (prove: 0.00, print: 0.00, other: 0.00)
CREATE-HYPO-THEOREM

Summary
Form:  ( DEFUN CREATE-FN-TYPE-THEOREM ...)
Rules: NIL
Time:  0.00 seconds (prove: 0.00, print: 0.00, other: 0.00)
CREATE-FN-TYPE-THEOREM

Summary
Form:  ( DEFUN ADD-FN-VAR-DECL-HELPER ...)
Rules: NIL
Time:  0.00 seconds (prove: 0.00, print: 0.00, other: 0.00)
ADD-FN-VAR-DECL-HELPER

Summary
Form:  ( DEFUN ADD-FN-VAR-DECL ...)
Rules: NIL
Time:  0.00 seconds (prove: 0.00, print: 0.00, other: 0.00)
ADD-FN-VAR-DECL

Summary
Form:  ( DEFUN MY-PROVE ...)
Rules: NIL
Time:  0.01 seconds (prove: 0.00, print: 0.00, other: 0.01)
MY-PROVE

ACL2 Warning [Skip-proofs] in (CERTIFY-BOOK "SMT-z3" ...):  The book
"/ubc/cs/home/y/yanpeng/project/ACL2/smtlink/SMT-z3.lisp" (including
events from its portcullis) contains one or more SKIP-PROOFS events.




Summary
Form:  (CERTIFY-BOOK "SMT-z3" ...)
Rules: NIL
Warnings:  Skip-proofs and Ttags
Time:  3.94 seconds (prove: 0.00, print: 0.00, other: 3.94)
; (EV-REC *RETURN-LAST-ARG3* ...) took 
; 3.94 seconds realtime, 3.60 seconds runtime
; (282,085,360 bytes allocated).
Exit code from ACL2 is 43
-rw------- 1 yanpeng grads 47389 Apr 10 11:44 SMT-z3.cert
