level 0:
(IMPLIES 
  (IF 
    (RATIONALP N-MINUS-2) 
    (IF 
      (RATIONALP V0) 
      (IF 
        (RATIONALP G1) 
        (RATIONALP DV) 'nil) 'nil) 'nil) 
  (RATIONALP 
    (B-SUM '1 
      (MY-FLOOR N-MINUS-2) V0 DV G1)))

level 1:IMPLIES

level 2:
(IF 
  (IF 
    (RATIONALP var23) 
    (RATIONALP N-MINUS-2) 'nil) 
  (IF 
    (RATIONALP V0) 
    (IF 
      (RATIONALP G1) 
      (RATIONALP DV) 'nil) 'nil) 'nil)

level 3:
(RATIONALP 
  (
    (LAMBDA 
      (var0 var1 var2 var3 var4) 
      (IF 
        (IF 
          (NOT 
            (INTEGERP var1)) 
          (NOT 
            (INTEGERP var1)) 
          (IF 
            (NOT 
              (INTEGERP var0)) 
            (NOT 
              (INTEGERP var0)) 
            (< var1 var0))) '0 
        (BINARY-+ 
          (
            (LAMBDA 
              (var5 var6 var7 var8) 
              (BINARY-* 
                (
                  (LAMBDA 
                    (var9) 
                    (EXPT 
                      (BINARY-+ '1 
                        (UNARY-- '4/5)) 
                      (UNARY-- var9))) var5) 
                (
                  (LAMBDA 
                    (var10 var11 var12 var13) 
                    (BINARY-+ '-1 
                      (BINARY-* 
                        (BINARY-* '1 
                          (UNARY-/ 
                            (BINARY-* '1 '1))) 
                        (BINARY-* 
                          (BINARY-+ '1 
                            (BINARY-* '1 
                              (BINARY-+ var11 var12))) 
                          (UNARY-/ 
                            (BINARY-+ '1 
                              (BINARY-* '1 
                                (BINARY-+ 
                                  (BINARY-* var10 var13) '1)))))))) var5 var6 var7 var8))) var1 var2 var3 var4) 
          (BINARY-+ 
            (
              (LAMBDA 
                (var14 var15 var16 var17) 
                (BINARY-* 
                  (
                    (LAMBDA 
                      (var18) 
                      (EXPT 
                        (BINARY-+ '1 
                          (UNARY-- '4/5)) 
                        (UNARY-- var18))) var14) 
                  (
                    (LAMBDA 
                      (var19 var20 var21 var22) 
                      (BINARY-+ '-1 
                        (BINARY-* 
                          (BINARY-* '1 
                            (UNARY-/ 
                              (BINARY-* '1 '1))) 
                          (BINARY-* 
                            (BINARY-+ '1 
                              (BINARY-* '1 
                                (BINARY-+ var20 var21))) 
                            (UNARY-/ 
                              (BINARY-+ '1 
                                (BINARY-* '1 
                                  (BINARY-+ 
                                    (BINARY-* var19 var22) '1)))))))) var14 var15 var16 var17))) 
              (UNARY-- var1) var2 var3 var4) var23)))) '1 
    (MY-FLOOR N-MINUS-2) V0 DV G1))

