level 0:
(IMPLIES 
  (IF 
    (IF 
      (INTEGERP H) 
      (IF 
        (RATIONALP G1) 
        (IF 
          (RATIONALP V0) 
          (RATIONALP DV) 'nil) 'nil) 'nil) 
    (IF 
      (NOT 
        (< H '1)) 
      (IF 
        (EQUAL G1 '1/3200) 
        (IF 
          (NOT 
            (< V0 '9/10)) 
          (IF 
            (NOT 
              (< '11/10 V0)) 
            (IF 
              (NOT 
                (< DV 
                  (UNARY-- 
                    (DV0)))) 
              (NOT 
                (< 
                  (DV0) DV)) 'nil) 'nil) 'nil) 'nil) 'nil) 'nil) 
  (< 
    (BINARY-+ 
      (BINARY-* 
        (B-TERM-EXPT H) 
        (B-TERM-REST H V0 DV G1)) 
      (BINARY-* 
        (B-TERM-EXPT 
          (UNARY-- H)) 
        (B-TERM-REST 
          (UNARY-- H) V0 DV G1))) '0))

level 1:IMPLIES

level 2:
(IF 
  (IF 
    (RATIONALP EXPT_GAMMA_MINUS_H) 
    (IF 
      (RATIONALP EXPT_GAMMA_H) 
      (IF 
        (INTEGERP H) 
        (IF 
          (RATIONALP G1) 
          (IF 
            (RATIONALP V0) 
            (RATIONALP DV) 'nil) 'nil) 'nil) 'nil) 'nil) 
  (IF 
    (EQUAL EXPT_GAMMA_MINUS_H 
      (UNARY-/ EXPT_GAMMA_H)) 
    (IF 
      (< '1 EXPT_GAMMA_H) 
      (IF 
        (NOT 
          (< H '1)) 
        (IF 
          (EQUAL G1 '1/3200) 
          (IF 
            (NOT 
              (< V0 '9/10)) 
            (IF 
              (NOT 
                (< '11/10 V0)) 
              (IF 
                (NOT 
                  (< DV 
                    (UNARY-- 
                      (BINARY-* '-2 '-1/16000)))) 
                (NOT 
                  (< 
                    (BINARY-* '-2 '-1/16000) DV)) 'nil) 'nil) 'nil) 'nil) 'nil) 'nil) 'nil) 'nil)

level 3:
(< 
  (BINARY-+ 
    (BINARY-* EXPT_GAMMA_H 
      (
        (LAMBDA 
          (var0 var1 var2 var3) 
          (BINARY-+ '-1 
            (BINARY-* 
              (BINARY-* '1 
                (UNARY-/ 
                  (BINARY-* '1 '1))) 
              (BINARY-* 
                (BINARY-+ '1 
                  (BINARY-* '1 
                    (BINARY-+ var1 var2))) 
                (UNARY-/ 
                  (BINARY-+ '1 
                    (BINARY-* '1 
                      (BINARY-+ 
                        (BINARY-* var0 var3) 
                        (
                          (LAMBDA 
                            (var4) 
                            (BINARY-+ 
                              (BINARY-* '1 
                                (BINARY-* 
                                  (BINARY-+ '1 
                                    (BINARY-* '1 var4)) 
                                  (UNARY-/ 
                                    (BINARY-* '1 
                                      (BINARY-* '1 '1))))) 
                              (UNARY-- 
                                (UNARY-/ '1)))) var1))))))))) H V0 DV G1)) 
    (BINARY-* EXPT_GAMMA_MINUS_H 
      (
        (LAMBDA 
          (var5 var6 var7 var8) 
          (BINARY-+ '-1 
            (BINARY-* 
              (BINARY-* '1 
                (UNARY-/ 
                  (BINARY-* '1 '1))) 
              (BINARY-* 
                (BINARY-+ '1 
                  (BINARY-* '1 
                    (BINARY-+ var6 var7))) 
                (UNARY-/ 
                  (BINARY-+ '1 
                    (BINARY-* '1 
                      (BINARY-+ 
                        (BINARY-* var5 var8) 
                        (
                          (LAMBDA 
                            (var9) 
                            (BINARY-+ 
                              (BINARY-* '1 
                                (BINARY-* 
                                  (BINARY-+ '1 
                                    (BINARY-* '1 var9)) 
                                  (UNARY-/ 
                                    (BINARY-* '1 
                                      (BINARY-* '1 '1))))) 
                              (UNARY-- 
                                (UNARY-/ '1)))) var6))))))))) 
        (UNARY-- H) V0 DV G1))) '0)

