level 0:
(IMPLIES 
  (IF 
    (IF 
      (INTEGERP H) 
      (IF 
        (RATIONALP V0) 
        (IF 
          (RATIONALP DV) 
          (IF 
            (RATIONALP G1) 
            (RATIONALP GAMMA) 'nil) 'nil) 'nil) 'nil) 
    (IF 
      (NOT 
        (< H '1)) 
      (IF 
        (< '0 V0) 
        (IF 
          (< '0 DV) 
          (IF 
            (< '0 G1) 
            (IF 
              (< 
                (UNARY-/ '10) GAMMA) 
              (IF 
                (< G1 
                  (UNARY-/ '8)) 
                (IF 
                  (< DV 
                    (BINARY-* 
                      (UNARY-/ '4) 
                      (BINARY-* 
                        (BINARY-* '1 
                          (UNARY-/ '1)) G1))) 
                  (IF 
                    (< H 
                      (UNARY-/ 
                        (BINARY-* '2 G1))) 
                    (< GAMMA 
                      (UNARY-/ '2)) 'nil) 'nil) 'nil) 'nil) 'nil) 'nil) 'nil) 'nil) 'nil) 
  (< 
    (B-TERM 
      (UNARY-- H) V0 DV G1 GAMMA) 
    (UNARY-- 
      (B-TERM H V0 DV G1 GAMMA))))

level 1:IMPLIES

level 2:
(IF 
  (IF 
    (INTEGERP H) 
    (IF 
      (RATIONALP V0) 
      (IF 
        (RATIONALP DV) 
        (IF 
          (RATIONALP G1) 
          (RATIONALP GAMMA) 'nil) 'nil) 'nil) 'nil) 
  (IF 
    (NOT 
      (< H '1)) 
    (IF 
      (< '0 V0) 
      (IF 
        (< '0 DV) 
        (IF 
          (< '0 G1) 
          (IF 
            (< 
              (UNARY-/ '10) GAMMA) 
            (IF 
              (< G1 
                (UNARY-/ '8)) 
              (IF 
                (< DV 
                  (BINARY-* 
                    (UNARY-/ '4) 
                    (BINARY-* 
                      (BINARY-* '1 
                        (UNARY-/ '1)) G1))) 
                (IF 
                  (< H 
                    (UNARY-/ 
                      (BINARY-* '2 G1))) 
                  (< GAMMA 
                    (UNARY-/ '2)) 'nil) 'nil) 'nil) 'nil) 'nil) 'nil) 'nil) 'nil) 'nil)

level 3:
(< 
  (
    (LAMBDA 
      (var0 var1 var2 var3 var4) 
      (BINARY-* 
        (
          (LAMBDA 
            (var5 var6) 
            (EXPT var5 
              (UNARY-- var6))) var4 var0) 
        (
          (LAMBDA 
            (var7 var8 var9 var10) 
            (BINARY-+ '-1 
              (BINARY-* 
                (BINARY-* '1 
                  (UNARY-/ 
                    (BINARY-* '1 '1))) 
                (BINARY-* 
                  (BINARY-+ '1 
                    (BINARY-* '1 
                      (BINARY-+ var8 var9))) 
                  (UNARY-/ 
                    (BINARY-+ '1 
                      (BINARY-* '1 
                        (BINARY-+ 
                          (BINARY-* var7 var10) 
                          (
                            (LAMBDA 
                              (var11) 
                              (BINARY-+ 
                                (BINARY-* '1 
                                  (BINARY-* 
                                    (BINARY-+ '1 
                                      (BINARY-* '1 var11)) 
                                    (UNARY-/ 
                                      (BINARY-* '1 
                                        (BINARY-* '1 '1))))) 
                                (UNARY-- 
                                  (UNARY-/ '1)))) var8))))))))) var0 var1 var2 var3))) 
    (UNARY-- H) V0 DV G1 GAMMA) 
  (UNARY-- 
    (
      (LAMBDA 
        (var12 var13 var14 var15 var16) 
        (BINARY-* 
          (
            (LAMBDA 
              (var17 var18) 
              (EXPT var17 
                (UNARY-- var18))) var16 var12) 
          (
            (LAMBDA 
              (var19 var20 var21 var22) 
              (BINARY-+ '-1 
                (BINARY-* 
                  (BINARY-* '1 
                    (UNARY-/ 
                      (BINARY-* '1 '1))) 
                  (BINARY-* 
                    (BINARY-+ '1 
                      (BINARY-* '1 
                        (BINARY-+ var20 var21))) 
                    (UNARY-/ 
                      (BINARY-+ '1 
                        (BINARY-* '1 
                          (BINARY-+ 
                            (BINARY-* var19 var22) 
                            (
                              (LAMBDA 
                                (var23) 
                                (BINARY-+ 
                                  (BINARY-* '1 
                                    (BINARY-* 
                                      (BINARY-+ '1 
                                        (BINARY-* '1 var23)) 
                                      (UNARY-/ 
                                        (BINARY-* '1 
                                          (BINARY-* '1 '1))))) 
                                  (UNARY-- 
                                    (UNARY-/ '1)))) var20))))))))) var12 var13 var14 var15))) H V0 DV G1 GAMMA)))

