level 0:
(IMPLIES 
  (IF 
    (INTEGERP N) 
    (NOT 
      (< N '4)) 'nil) 
  (EQUAL 
    (DELTA N) 
    (DELTA-1 N)))

level 1:IMPLIES

level 2:
(IF 
  (IF 
    (RATIONALP EXPT_GAMMA_1_MINUS_N) 
    (IF 
      (RATIONALP EXPT_GAMMA_N_MINUS_1) 
      (IF 
        (RATIONALP EXPT_GAMMA_2N_MINUS_1) 
        (IF 
          (RATIONALP EXPT_GAMMA_2N) 
          (INTEGERP N) 'nil) 'nil) 'nil) 'nil) 
  (NOT 
    (< N '4)) 'nil)

level 3:
(EQUAL 
  (
    (LAMBDA 
      (var0) 
      (BINARY-+ 
        (BINARY-+ 
          (BINARY-* 
            (EXPT 
              (BINARY-+ '1 
                (UNARY-- '4/5)) 
              (BINARY-* '2 var0)) 
            (BINARY-+ '-1 
              (
                (LAMBDA 
                  (var1) 
                  (BINARY-* 
                    (BINARY-* 
                      (BINARY-* '1 
                        (UNARY-/ 
                          (BINARY-* '1 '1))) 
                      (BINARY-+ '1 
                        (BINARY-* '1 '1))) 
                    (UNARY-/ 
                      (BINARY-+ '1 
                        (BINARY-* '1 
                          (BINARY-* var1 '1/3200)))))) 
                (BINARY-+ '-1 
                  (
                    (LAMBDA 
                      (var2) 
                      (BINARY-+ 
                        (BINARY-* 
                          (BINARY-+ 
                            (BINARY-* 
                              (BINARY-* '1 
                                (UNARY-/ 
                                  (BINARY-* '1 
                                    (BINARY-* '1 '1)))) 
                              (BINARY-+ '1 
                                (BINARY-* '1 '1))) 
                            (UNARY-- 
                              (BINARY-* '1 
                                (UNARY-/ '1)))) 
                          (UNARY-/ '1/3200)) 
                        (UNARY-- var2))) var0))))) 
          (UNARY-- 
            (BINARY-* 
              (EXPT 
                (BINARY-+ '1 
                  (UNARY-- '4/5)) 
                (BINARY-* '2 var0)) 
              (BINARY-+ '-1 
                (
                  (LAMBDA 
                    (var3) 
                    (BINARY-* 
                      (BINARY-* 
                        (BINARY-* '1 
                          (UNARY-/ 
                            (BINARY-* '1 '1))) 
                        (BINARY-+ '1 
                          (BINARY-* '1 '1))) 
                      (UNARY-/ 
                        (BINARY-+ '1 
                          (BINARY-* '1 
                            (BINARY-* var3 '1/3200)))))) 
                  (
                    (LAMBDA 
                      (var4) 
                      (BINARY-+ 
                        (BINARY-* 
                          (BINARY-+ 
                            (BINARY-* 
                              (BINARY-* '1 
                                (UNARY-/ 
                                  (BINARY-* '1 
                                    (BINARY-* '1 '1)))) 
                              (BINARY-+ '1 
                                (BINARY-* '1 '1))) 
                            (UNARY-- 
                              (BINARY-* '1 
                                (UNARY-/ '1)))) 
                          (UNARY-/ '1/3200)) 
                        (UNARY-- var4))) var0)))))) 
        (BINARY-+ 
          (BINARY-+ 
            (BINARY-* 
              (EXPT 
                (BINARY-+ '1 
                  (UNARY-- '4/5)) 
                (BINARY-+ '-1 
                  (BINARY-* '2 var0))) 
              (BINARY-+ '-1 
                (
                  (LAMBDA 
                    (var5) 
                    (BINARY-* 
                      (BINARY-* 
                        (BINARY-* '1 
                          (UNARY-/ 
                            (BINARY-* '1 '1))) 
                        (BINARY-+ '1 
                          (BINARY-* '1 '1))) 
                      (UNARY-/ 
                        (BINARY-+ '1 
                          (BINARY-* '1 
                            (BINARY-* var5 '1/3200)))))) 
                  (
                    (LAMBDA 
                      (var6) 
                      (BINARY-+ 
                        (BINARY-* 
                          (BINARY-+ 
                            (BINARY-* 
                              (BINARY-* '1 
                                (UNARY-/ 
                                  (BINARY-* '1 
                                    (BINARY-* '1 '1)))) 
                              (BINARY-+ '1 
                                (BINARY-* '1 '1))) 
                            (UNARY-- 
                              (BINARY-* '1 
                                (UNARY-/ '1)))) 
                          (UNARY-/ '1/3200)) 
                        (UNARY-- var6))) var0)))) 
            (UNARY-- 
              (BINARY-* 
                (EXPT 
                  (BINARY-+ '1 
                    (UNARY-- '4/5)) 
                  (BINARY-+ '-1 
                    (BINARY-* '2 var0))) 
                (BINARY-+ '-1 
                  (
                    (LAMBDA 
                      (var7) 
                      (BINARY-* 
                        (BINARY-* 
                          (BINARY-* '1 
                            (UNARY-/ 
                              (BINARY-* '1 '1))) 
                          (BINARY-+ '1 
                            (BINARY-* '1 '1))) 
                        (UNARY-/ 
                          (BINARY-+ '1 
                            (BINARY-* '1 
                              (BINARY-* var7 '1/3200)))))) 
                    (BINARY-+ '1 
                      (
                        (LAMBDA 
                          (var8) 
                          (BINARY-+ 
                            (BINARY-* 
                              (BINARY-+ 
                                (BINARY-* 
                                  (BINARY-* '1 
                                    (UNARY-/ 
                                      (BINARY-* '1 
                                        (BINARY-* '1 '1)))) 
                                  (BINARY-+ '1 
                                    (BINARY-* '1 '1))) 
                                (UNARY-- 
                                  (BINARY-* '1 
                                    (UNARY-/ '1)))) 
                              (UNARY-/ '1/3200)) 
                            (UNARY-- var8))) var0))))))) 
          (BINARY-* 
            (EXPT 
              (BINARY-+ '1 
                (UNARY-- '4/5)) 
              (BINARY-+ '-1 var0)) 
            (BINARY-+ 
              (BINARY-* 
                (EXPT 
                  (BINARY-+ '1 
                    (UNARY-- '4/5)) 
                  (BINARY-+ '1 
                    (UNARY-- var0))) 
                (BINARY-+ '-1 
                  (BINARY-* 
                    (BINARY-* 
                      (BINARY-* '1 
                        (UNARY-/ 
                          (BINARY-* '1 '1))) 
                      (BINARY-+ '1 
                        (BINARY-* '1 '1))) 
                    (UNARY-/ 
                      (BINARY-+ '1 
                        (BINARY-* '1 
                          (BINARY-+ 
                            (BINARY-* '1/3200 
                              (BINARY-+ '-1 var0)) 
                            (BINARY-+ 
                              (BINARY-* 
                                (BINARY-* '1 
                                  (UNARY-/ 
                                    (BINARY-* '1 
                                      (BINARY-* '1 '1)))) 
                                (BINARY-+ '1 
                                  (BINARY-* '1 '1))) 
                              (UNARY-- 
                                (BINARY-* '1 
                                  (UNARY-/ '1))))))))))) 
              (BINARY-* 
                (EXPT 
                  (BINARY-+ '1 
                    (UNARY-- '4/5)) 
                  (BINARY-+ '-1 var0)) 
                (BINARY-+ '-1 
                  (BINARY-* 
                    (BINARY-* 
                      (BINARY-* '1 
                        (UNARY-/ 
                          (BINARY-* '1 '1))) 
                      (BINARY-+ '1 
                        (BINARY-* '1 '1))) 
                    (UNARY-/ 
                      (BINARY-+ '1 
                        (BINARY-* '1 
                          (BINARY-+ 
                            (BINARY-* '1/3200 
                              (BINARY-+ '1 
                                (UNARY-- var0))) 
                            (BINARY-+ 
                              (BINARY-* 
                                (BINARY-* '1 
                                  (UNARY-/ 
                                    (BINARY-* '1 
                                      (BINARY-* '1 '1)))) 
                                (BINARY-+ '1 
                                  (BINARY-* '1 '1))) 
                              (UNARY-- 
                                (BINARY-* '1 
                                  (UNARY-/ '1)))))))))))))))) N) 
  (
    (LAMBDA 
      (var9) 
      (BINARY-+ 
        (BINARY-* 
          (EXPT 
            (BINARY-+ '1 
              (UNARY-- '4/5)) 
            (BINARY-* '2 var9)) 
          (BINARY-+ 
            (
              (LAMBDA 
                (var10) 
                (BINARY-* 
                  (BINARY-* 
                    (BINARY-* '1 
                      (UNARY-/ 
                        (BINARY-* '1 '1))) 
                    (BINARY-+ '1 
                      (BINARY-* '1 '1))) 
                  (UNARY-/ 
                    (BINARY-+ '1 
                      (BINARY-* '1 
                        (BINARY-* var10 '1/3200)))))) 
              (BINARY-+ '-1 
                (
                  (LAMBDA 
                    (var11) 
                    (BINARY-+ 
                      (BINARY-* 
                        (BINARY-+ 
                          (BINARY-* 
                            (BINARY-* '1 
                              (UNARY-/ 
                                (BINARY-* '1 
                                  (BINARY-* '1 '1)))) 
                            (BINARY-+ '1 
                              (BINARY-* '1 '1))) 
                          (UNARY-- 
                            (BINARY-* '1 
                              (UNARY-/ '1)))) 
                        (UNARY-/ '1/3200)) 
                      (UNARY-- var11))) var9))) 
            (UNARY-- 
              (
                (LAMBDA 
                  (var12) 
                  (BINARY-* 
                    (BINARY-* 
                      (BINARY-* '1 
                        (UNARY-/ 
                          (BINARY-* '1 '1))) 
                      (BINARY-+ '1 
                        (BINARY-* '1 '1))) 
                    (UNARY-/ 
                      (BINARY-+ '1 
                        (BINARY-* '1 
                          (BINARY-* var12 '1/3200)))))) 
                (
                  (LAMBDA 
                    (var13) 
                    (BINARY-+ 
                      (BINARY-* 
                        (BINARY-+ 
                          (BINARY-* 
                            (BINARY-* '1 
                              (UNARY-/ 
                                (BINARY-* '1 
                                  (BINARY-* '1 '1)))) 
                            (BINARY-+ '1 
                              (BINARY-* '1 '1))) 
                          (UNARY-- 
                            (BINARY-* '1 
                              (UNARY-/ '1)))) 
                        (UNARY-/ '1/3200)) 
                      (UNARY-- var13))) var9))))) 
        (BINARY-+ 
          (BINARY-* 
            (EXPT 
              (BINARY-+ '1 
                (UNARY-- '4/5)) 
              (BINARY-+ '-1 
                (BINARY-* '2 var9))) 
            (BINARY-+ 
              (
                (LAMBDA 
                  (var14) 
                  (BINARY-* 
                    (BINARY-* 
                      (BINARY-* '1 
                        (UNARY-/ 
                          (BINARY-* '1 '1))) 
                      (BINARY-+ '1 
                        (BINARY-* '1 '1))) 
                    (UNARY-/ 
                      (BINARY-+ '1 
                        (BINARY-* '1 
                          (BINARY-* var14 '1/3200)))))) 
                (
                  (LAMBDA 
                    (var15) 
                    (BINARY-+ 
                      (BINARY-* 
                        (BINARY-+ 
                          (BINARY-* 
                            (BINARY-* '1 
                              (UNARY-/ 
                                (BINARY-* '1 
                                  (BINARY-* '1 '1)))) 
                            (BINARY-+ '1 
                              (BINARY-* '1 '1))) 
                          (UNARY-- 
                            (BINARY-* '1 
                              (UNARY-/ '1)))) 
                        (UNARY-/ '1/3200)) 
                      (UNARY-- var15))) var9)) 
              (UNARY-- 
                (
                  (LAMBDA 
                    (var16) 
                    (BINARY-* 
                      (BINARY-* 
                        (BINARY-* '1 
                          (UNARY-/ 
                            (BINARY-* '1 '1))) 
                        (BINARY-+ '1 
                          (BINARY-* '1 '1))) 
                      (UNARY-/ 
                        (BINARY-+ '1 
                          (BINARY-* '1 
                            (BINARY-* var16 '1/3200)))))) 
                  (BINARY-+ '1 
                    (
                      (LAMBDA 
                        (var17) 
                        (BINARY-+ 
                          (BINARY-* 
                            (BINARY-+ 
                              (BINARY-* 
                                (BINARY-* '1 
                                  (UNARY-/ 
                                    (BINARY-* '1 
                                      (BINARY-* '1 '1)))) 
                                (BINARY-+ '1 
                                  (BINARY-* '1 '1))) 
                              (UNARY-- 
                                (BINARY-* '1 
                                  (UNARY-/ '1)))) 
                            (UNARY-/ '1/3200)) 
                          (UNARY-- var17))) var9)))))) 
          (BINARY-+ 
            (BINARY-* 
              (BINARY-* 
                (EXPT 
                  (BINARY-+ '1 
                    (UNARY-- '4/5)) 
                  (BINARY-+ '-1 var9)) 
                (EXPT 
                  (BINARY-+ '1 
                    (UNARY-- '4/5)) 
                  (BINARY-+ '1 
                    (UNARY-- var9)))) 
              (BINARY-+ '-1 
                (BINARY-* 
                  (BINARY-* 
                    (BINARY-* '1 
                      (UNARY-/ 
                        (BINARY-* '1 '1))) 
                    (BINARY-+ '1 
                      (BINARY-* '1 '1))) 
                  (UNARY-/ 
                    (BINARY-+ '1 
                      (BINARY-* '1 
                        (BINARY-+ 
                          (BINARY-* '1/3200 
                            (BINARY-+ '-1 var9)) 
                          (BINARY-+ 
                            (BINARY-* 
                              (BINARY-* '1 
                                (UNARY-/ 
                                  (BINARY-* '1 
                                    (BINARY-* '1 '1)))) 
                              (BINARY-+ '1 
                                (BINARY-* '1 '1))) 
                            (UNARY-- 
                              (BINARY-* '1 
                                (UNARY-/ '1))))))))))) 
            (BINARY-* 
              (BINARY-* 
                (EXPT 
                  (BINARY-+ '1 
                    (UNARY-- '4/5)) 
                  (BINARY-+ '-1 var9)) 
                (EXPT 
                  (BINARY-+ '1 
                    (UNARY-- '4/5)) 
                  (BINARY-+ '-1 var9))) 
              (BINARY-+ '-1 
                (BINARY-* 
                  (BINARY-* 
                    (BINARY-* '1 
                      (UNARY-/ 
                        (BINARY-* '1 '1))) 
                    (BINARY-+ '1 
                      (BINARY-* '1 '1))) 
                  (UNARY-/ 
                    (BINARY-+ '1 
                      (BINARY-* '1 
                        (BINARY-+ 
                          (BINARY-* '1/3200 
                            (BINARY-+ '1 
                              (UNARY-- var9))) 
                          (BINARY-+ 
                            (BINARY-* 
                              (BINARY-* '1 
                                (UNARY-/ 
                                  (BINARY-* '1 
                                    (BINARY-* '1 '1)))) 
                              (BINARY-+ '1 
                                (BINARY-* '1 '1))) 
                            (UNARY-- 
                              (BINARY-* '1 
                                (UNARY-/ '1))))))))))))))) N))

