level 0:
(IMPLIES 
  (IF 
    (IF 
      (INTEGERP N) 
      (IF 
        (RATIONALP G1) 
        (RATIONALP V0) 'nil) 'nil) 
    (IF 
      (NOT 
        (< N '3)) 
      (IF 
        (EQUAL G1 '1/3200) 
        (IF 
          (NOT 
            (< V0 '9/10)) 
          (NOT 
            (< '11/10 V0)) 'nil) 'nil) 'nil) 'nil) 
  (IMPLIES 
    (< 
      (BINARY-+ 
        (BINARY-* 
          (EXPT 
            (GAMMA) '2) 
          (BINARY-+ 
            (FDCO 
              (BINARY-+ '-1 
                (M N V0 G1)) V0 G1) 
            (UNARY-- 
              (FDCO 
                (M N V0 G1) V0 G1)))) 
        (BINARY-+ 
          (BINARY-* 
            (EXPT 
              (GAMMA) '1) 
            (BINARY-+ 
              (FDCO 
                (M N V0 G1) V0 G1) 
              (UNARY-- 
                (FDCO 
                  (BINARY-+ '1 
                    (M N V0 G1)) V0 G1)))) 
          (BINARY-+ 
            (BINARY-* 
              (EXPT 
                (GAMMA) 
                (BINARY-+ '2 
                  (UNARY-- 
                    (BINARY-* '2 N)))) 
              (BINARY-+ '-1 
                (BINARY-* 
                  (BINARY-* 
                    (MU) 
                    (BINARY-+ '1 
                      (BINARY-* '1 V0))) 
                  (UNARY-/ 
                    (BINARY-+ '1 
                      (BINARY-* '1 
                        (BINARY-+ 
                          (BINARY-* G1 
                            (BINARY-+ '-1 N)) 
                          (EQU-C V0)))))))) 
            (BINARY-+ '-1 
              (BINARY-* 
                (BINARY-* 
                  (MU) 
                  (BINARY-+ '1 
                    (BINARY-* '1 V0))) 
                (UNARY-/ 
                  (BINARY-+ '1 
                    (BINARY-* '1 
                      (BINARY-+ 
                        (BINARY-* G1 
                          (BINARY-+ '1 
                            (UNARY-- N))) 
                        (EQU-C V0)))))))))) '0) 
    (< 
      (BINARY-* 
        (EXPT 
          (GAMMA) 
          (BINARY-+ '-1 
            (BINARY-+ N 
              (BINARY-+ '-1 N)))) 
        (BINARY-+ 
          (BINARY-* 
            (EXPT 
              (GAMMA) '2) 
            (BINARY-+ 
              (FDCO 
                (BINARY-+ '-1 
                  (M N V0 G1)) V0 G1) 
              (UNARY-- 
                (FDCO 
                  (M N V0 G1) V0 G1)))) 
          (BINARY-+ 
            (BINARY-* 
              (EXPT 
                (GAMMA) '1) 
              (BINARY-+ 
                (FDCO 
                  (M N V0 G1) V0 G1) 
                (UNARY-- 
                  (FDCO 
                    (BINARY-+ '1 
                      (M N V0 G1)) V0 G1)))) 
            (BINARY-+ 
              (BINARY-* 
                (EXPT 
                  (GAMMA) 
                  (BINARY-+ '2 
                    (UNARY-- 
                      (BINARY-* '2 N)))) 
                (BINARY-+ '-1 
                  (BINARY-* 
                    (BINARY-* 
                      (MU) 
                      (BINARY-+ '1 
                        (BINARY-* '1 V0))) 
                    (UNARY-/ 
                      (BINARY-+ '1 
                        (BINARY-* '1 
                          (BINARY-+ 
                            (BINARY-* G1 
                              (BINARY-+ '-1 N)) 
                            (EQU-C V0)))))))) 
              (BINARY-+ '-1 
                (BINARY-* 
                  (BINARY-* 
                    (MU) 
                    (BINARY-+ '1 
                      (BINARY-* '1 V0))) 
                  (UNARY-/ 
                    (BINARY-+ '1 
                      (BINARY-* '1 
                        (BINARY-+ 
                          (BINARY-* G1 
                            (BINARY-+ '1 
                              (UNARY-- N))) 
                          (EQU-C V0))))))))))) '0)))

level 1:IMPLIES

level 2:
(IF 
  (IF 
    (RATIONALP EXPT_GAMMA_2_MINUS_2N) 
    (IF 
      (RATIONALP EXPT_GAMMA_1) 
      (IF 
        (RATIONALP EXPT_GAMMA_2) 
        (IF 
          (RATIONALP EXPT_GAMMA_2N_MINUS_2) 
          (IF 
            (RATIONALP EXPT_GAMMA_2N_MINUS_1) 
            (IF 
              (RATIONALP EXPT_GAMMA_2N) 
              (IF 
                (INTEGERP N) 
                (IF 
                  (RATIONALP G1) 
                  (RATIONALP V0) 'nil) 'nil) 'nil) 'nil) 'nil) 'nil) 'nil) 'nil) 
  (IF 
    (< '0 EXPT_GAMMA_2N_MINUS_2) 
    (IF 
      (NOT 
        (< N '3)) 
      (IF 
        (EQUAL G1 '1/3200) 
        (IF 
          (NOT 
            (< V0 '9/10)) 
          (NOT 
            (< '11/10 V0)) 'nil) 'nil) 'nil) 'nil) 'nil)

level 3:
(IMPLIES 
  (< 
    (BINARY-+ 
      (BINARY-* EXPT_GAMMA_2 
        (BINARY-+ 
          (FDCO 
            (BINARY-+ '-1 
              (
                (LAMBDA 
                  (var0 var1 var2) 
                  (BINARY-+ 
                    (BINARY-* 
                      (
                        (LAMBDA 
                          (var3) 
                          (BINARY-+ 
                            (BINARY-* 
                              (BINARY-* '1 
                                (UNARY-/ 
                                  (BINARY-* '1 
                                    (BINARY-* '1 '1)))) 
                              (BINARY-+ '1 
                                (BINARY-* '1 var3))) 
                            (UNARY-- 
                              (BINARY-* '1 
                                (UNARY-/ '1))))) var1) 
                      (UNARY-/ var2)) 
                    (UNARY-- var0))) N V0 G1)) V0 G1) 
          (UNARY-- 
            (FDCO 
              (
                (LAMBDA 
                  (var4 var5 var6) 
                  (BINARY-+ 
                    (BINARY-* 
                      (
                        (LAMBDA 
                          (var7) 
                          (BINARY-+ 
                            (BINARY-* 
                              (BINARY-* '1 
                                (UNARY-/ 
                                  (BINARY-* '1 
                                    (BINARY-* '1 '1)))) 
                              (BINARY-+ '1 
                                (BINARY-* '1 var7))) 
                            (UNARY-- 
                              (BINARY-* '1 
                                (UNARY-/ '1))))) var5) 
                      (UNARY-/ var6)) 
                    (UNARY-- var4))) N V0 G1) V0 G1)))) 
      (BINARY-+ 
        (BINARY-* EXPT_GAMMA_1 
          (BINARY-+ 
            (FDCO 
              (
                (LAMBDA 
                  (var8 var9 var10) 
                  (BINARY-+ 
                    (BINARY-* 
                      (
                        (LAMBDA 
                          (var11) 
                          (BINARY-+ 
                            (BINARY-* 
                              (BINARY-* '1 
                                (UNARY-/ 
                                  (BINARY-* '1 
                                    (BINARY-* '1 '1)))) 
                              (BINARY-+ '1 
                                (BINARY-* '1 var11))) 
                            (UNARY-- 
                              (BINARY-* '1 
                                (UNARY-/ '1))))) var9) 
                      (UNARY-/ var10)) 
                    (UNARY-- var8))) N V0 G1) V0 G1) 
            (UNARY-- 
              (FDCO 
                (BINARY-+ '1 
                  (
                    (LAMBDA 
                      (var12 var13 var14) 
                      (BINARY-+ 
                        (BINARY-* 
                          (
                            (LAMBDA 
                              (var15) 
                              (BINARY-+ 
                                (BINARY-* 
                                  (BINARY-* '1 
                                    (UNARY-/ 
                                      (BINARY-* '1 
                                        (BINARY-* '1 '1)))) 
                                  (BINARY-+ '1 
                                    (BINARY-* '1 var15))) 
                                (UNARY-- 
                                  (BINARY-* '1 
                                    (UNARY-/ '1))))) var13) 
                          (UNARY-/ var14)) 
                        (UNARY-- var12))) N V0 G1)) V0 G1)))) 
        (BINARY-+ 
          (BINARY-* EXPT_GAMMA_2_MINUS_2N 
            (BINARY-+ '-1 
              (BINARY-* 
                (BINARY-* 
                  (BINARY-* '1 
                    (UNARY-/ 
                      (BINARY-* '1 '1))) 
                  (BINARY-+ '1 
                    (BINARY-* '1 V0))) 
                (UNARY-/ 
                  (BINARY-+ '1 
                    (BINARY-* '1 
                      (BINARY-+ 
                        (BINARY-* G1 
                          (BINARY-+ '-1 N)) 
                        (
                          (LAMBDA 
                            (var16) 
                            (BINARY-+ 
                              (BINARY-* 
                                (BINARY-* '1 
                                  (UNARY-/ 
                                    (BINARY-* '1 
                                      (BINARY-* '1 '1)))) 
                                (BINARY-+ '1 
                                  (BINARY-* '1 var16))) 
                              (UNARY-- 
                                (BINARY-* '1 
                                  (UNARY-/ '1))))) V0)))))))) 
          (BINARY-+ '-1 
            (BINARY-* 
              (BINARY-* 
                (BINARY-* '1 
                  (UNARY-/ 
                    (BINARY-* '1 '1))) 
                (BINARY-+ '1 
                  (BINARY-* '1 V0))) 
              (UNARY-/ 
                (BINARY-+ '1 
                  (BINARY-* '1 
                    (BINARY-+ 
                      (BINARY-* G1 
                        (BINARY-+ '1 
                          (UNARY-- N))) 
                      (
                        (LAMBDA 
                          (var17) 
                          (BINARY-+ 
                            (BINARY-* 
                              (BINARY-* '1 
                                (UNARY-/ 
                                  (BINARY-* '1 
                                    (BINARY-* '1 '1)))) 
                              (BINARY-+ '1 
                                (BINARY-* '1 var17))) 
                            (UNARY-- 
                              (BINARY-* '1 
                                (UNARY-/ '1))))) V0)))))))))) '0) 
  (< 
    (BINARY-* EXPT_GAMMA_2N_MINUS_2 
      (BINARY-+ 
        (BINARY-* EXPT_GAMMA_2 
          (BINARY-+ 
            (FDCO 
              (BINARY-+ '-1 
                (
                  (LAMBDA 
                    (var18 var19 var20) 
                    (BINARY-+ 
                      (BINARY-* 
                        (
                          (LAMBDA 
                            (var21) 
                            (BINARY-+ 
                              (BINARY-* 
                                (BINARY-* '1 
                                  (UNARY-/ 
                                    (BINARY-* '1 
                                      (BINARY-* '1 '1)))) 
                                (BINARY-+ '1 
                                  (BINARY-* '1 var21))) 
                              (UNARY-- 
                                (BINARY-* '1 
                                  (UNARY-/ '1))))) var19) 
                        (UNARY-/ var20)) 
                      (UNARY-- var18))) N V0 G1)) V0 G1) 
            (UNARY-- 
              (FDCO 
                (
                  (LAMBDA 
                    (var22 var23 var24) 
                    (BINARY-+ 
                      (BINARY-* 
                        (
                          (LAMBDA 
                            (var25) 
                            (BINARY-+ 
                              (BINARY-* 
                                (BINARY-* '1 
                                  (UNARY-/ 
                                    (BINARY-* '1 
                                      (BINARY-* '1 '1)))) 
                                (BINARY-+ '1 
                                  (BINARY-* '1 var25))) 
                              (UNARY-- 
                                (BINARY-* '1 
                                  (UNARY-/ '1))))) var23) 
                        (UNARY-/ var24)) 
                      (UNARY-- var22))) N V0 G1) V0 G1)))) 
        (BINARY-+ 
          (BINARY-* EXPT_GAMMA_1 
            (BINARY-+ 
              (FDCO 
                (
                  (LAMBDA 
                    (var26 var27 var28) 
                    (BINARY-+ 
                      (BINARY-* 
                        (
                          (LAMBDA 
                            (var29) 
                            (BINARY-+ 
                              (BINARY-* 
                                (BINARY-* '1 
                                  (UNARY-/ 
                                    (BINARY-* '1 
                                      (BINARY-* '1 '1)))) 
                                (BINARY-+ '1 
                                  (BINARY-* '1 var29))) 
                              (UNARY-- 
                                (BINARY-* '1 
                                  (UNARY-/ '1))))) var27) 
                        (UNARY-/ var28)) 
                      (UNARY-- var26))) N V0 G1) V0 G1) 
              (UNARY-- 
                (FDCO 
                  (BINARY-+ '1 
                    (
                      (LAMBDA 
                        (var30 var31 var32) 
                        (BINARY-+ 
                          (BINARY-* 
                            (
                              (LAMBDA 
                                (var33) 
                                (BINARY-+ 
                                  (BINARY-* 
                                    (BINARY-* '1 
                                      (UNARY-/ 
                                        (BINARY-* '1 
                                          (BINARY-* '1 '1)))) 
                                    (BINARY-+ '1 
                                      (BINARY-* '1 var33))) 
                                  (UNARY-- 
                                    (BINARY-* '1 
                                      (UNARY-/ '1))))) var31) 
                            (UNARY-/ var32)) 
                          (UNARY-- var30))) N V0 G1)) V0 G1)))) 
          (BINARY-+ 
            (BINARY-* EXPT_GAMMA_2_MINUS_2N 
              (BINARY-+ '-1 
                (BINARY-* 
                  (BINARY-* 
                    (BINARY-* '1 
                      (UNARY-/ 
                        (BINARY-* '1 '1))) 
                    (BINARY-+ '1 
                      (BINARY-* '1 V0))) 
                  (UNARY-/ 
                    (BINARY-+ '1 
                      (BINARY-* '1 
                        (BINARY-+ 
                          (BINARY-* G1 
                            (BINARY-+ '-1 N)) 
                          (
                            (LAMBDA 
                              (var34) 
                              (BINARY-+ 
                                (BINARY-* 
                                  (BINARY-* '1 
                                    (UNARY-/ 
                                      (BINARY-* '1 
                                        (BINARY-* '1 '1)))) 
                                  (BINARY-+ '1 
                                    (BINARY-* '1 var34))) 
                                (UNARY-- 
                                  (BINARY-* '1 
                                    (UNARY-/ '1))))) V0)))))))) 
            (BINARY-+ '-1 
              (BINARY-* 
                (BINARY-* 
                  (BINARY-* '1 
                    (UNARY-/ 
                      (BINARY-* '1 '1))) 
                  (BINARY-+ '1 
                    (BINARY-* '1 V0))) 
                (UNARY-/ 
                  (BINARY-+ '1 
                    (BINARY-* '1 
                      (BINARY-+ 
                        (BINARY-* G1 
                          (BINARY-+ '1 
                            (UNARY-- N))) 
                        (
                          (LAMBDA 
                            (var35) 
                            (BINARY-+ 
                              (BINARY-* 
                                (BINARY-* '1 
                                  (UNARY-/ 
                                    (BINARY-* '1 
                                      (BINARY-* '1 '1)))) 
                                (BINARY-+ '1 
                                  (BINARY-* '1 var35))) 
                              (UNARY-- 
                                (BINARY-* '1 
                                  (UNARY-/ '1))))) V0))))))))))) '0))

