level 0:
(IMPLIES 
  (IF 
    (IF 
      (RATIONALP N) 
      (IF 
        (RATIONALP G1) 
        (IF 
          (RATIONALP V0) 
          (RATIONALP DV) 'nil) 'nil) 'nil) 
    (IF 
      (NOT 
        (< N '3)) 
      (IF 
        (EQUAL G1 '1/3200) 
        (IF 
          (NOT 
            (< V0 '9/10)) 
          (IF 
            (NOT 
              (< '11/10 V0)) 
            (IF 
              (NOT 
                (< DV 
                  (UNARY-- 
                    (DV0)))) 
              (NOT 
                (< 
                  (DV0) DV)) 'nil) 'nil) 'nil) 'nil) 'nil) 'nil) 
  (< 
    (BINARY-* 
      (BINARY-+ 
        (BINARY-* 
          (EXPT 
            (GAMMA) '2) 
          (BINARY-+ 
            (FDCO 
              (BINARY-+ '-1 
                (M 
                  (MY-FLOOR N) G1)) V0 DV G1) 
            (UNARY-- 
              (FDCO 
                (M 
                  (MY-FLOOR N) G1) V0 DV G1)))) 
        (BINARY-+ 
          (BINARY-* 
            (EXPT 
              (GAMMA) '1) 
            (BINARY-+ 
              (FDCO 
                (M 
                  (MY-FLOOR N) G1) V0 DV G1) 
              (UNARY-- 
                (FDCO 
                  (BINARY-+ '1 
                    (M 
                      (MY-FLOOR N) G1)) V0 DV G1)))) 
          (BINARY-+ '-1 
            (BINARY-* 
              (BINARY-* 
                (MU) 
                (BINARY-+ '1 
                  (BINARY-* '1 
                    (BINARY-+ V0 DV)))) 
              (UNARY-/ 
                (BINARY-+ '1 
                  (BINARY-* '1 
                    (BINARY-+ 
                      (BINARY-* G1 
                        (BINARY-+ '1 
                          (UNARY-- 
                            (MY-FLOOR N)))) 
                      (EQU-C))))))))) 
      (UNARY-/ 
        (BINARY-+ '1 
          (UNARY-- 
            (BINARY-* 
              (BINARY-* 
                (MU) 
                (BINARY-+ '1 
                  (BINARY-* '1 
                    (BINARY-+ V0 DV)))) 
              (UNARY-/ 
                (BINARY-+ '1 
                  (BINARY-* '1 
                    (BINARY-+ 
                      (BINARY-* G1 
                        (BINARY-+ '-1 
                          (MY-FLOOR N))) 
                      (EQU-C)))))))))) 
    (BINARY-* '2 N)))

level 1:IMPLIES

level 2:
(IF 
  (IF 
    (RATIONALP EXPT_GAMMA_2_MINUS_2N) 
    (IF 
      (RATIONALP EXPT_GAMMA_1) 
      (IF 
        (RATIONALP EXPT_GAMMA_2) 
        (IF 
          (RATIONALP EXPT_GAMMA_2N_MINUS_2) 
          (IF 
            (RATIONALP EXPT_GAMMA_2N_MINUS_1) 
            (IF 
              (RATIONALP EXPT_GAMMA_2N) 
              (IF 
                (RATIONALP N) 
                (IF 
                  (RATIONALP G1) 
                  (IF 
                    (RATIONALP V0) 
                    (RATIONALP DV) 'nil) 'nil) 'nil) 'nil) 'nil) 'nil) 'nil) 'nil) 'nil) 
  (IF 
    (NOT 
      (< N '3)) 
    (IF 
      (EQUAL G1 '1/3200) 
      (IF 
        (NOT 
          (< V0 '9/10)) 
        (IF 
          (NOT 
            (< '11/10 V0)) 
          (IF 
            (NOT 
              (< DV 
                (UNARY-- 
                  (BINARY-* '2 '-1/16000)))) 
            (NOT 
              (< 
                (BINARY-* '2 '-1/16000) DV)) 'nil) 'nil) 'nil) 'nil) 'nil) 'nil)

level 3:
(< 
  (BINARY-* 
    (BINARY-+ 
      (BINARY-* EXPT_GAMMA_2 
        (BINARY-+ 
          (
            (LAMBDA 
              (var0 var1 var2 var3) 
              (BINARY-* 
                (BINARY-* 
                  (BINARY-* '1 
                    (UNARY-/ 
                      (BINARY-* '1 '1))) 
                  (BINARY-+ '1 
                    (BINARY-* '1 
                      (BINARY-+ var1 var2)))) 
                (UNARY-/ 
                  (BINARY-+ '1 
                    (BINARY-* '1 
                      (BINARY-* var0 var3)))))) 
            (BINARY-+ '-1 
              (
                (LAMBDA 
                  (var4 var5) 
                  (BINARY-+ 
                    (BINARY-* '1 
                      (UNARY-/ var5)) 
                    (UNARY-- var4))) 
                (MY-FLOOR N) G1)) V0 DV G1) 
          (UNARY-- 
            (
              (LAMBDA 
                (var6 var7 var8 var9) 
                (BINARY-* 
                  (BINARY-* 
                    (BINARY-* '1 
                      (UNARY-/ 
                        (BINARY-* '1 '1))) 
                    (BINARY-+ '1 
                      (BINARY-* '1 
                        (BINARY-+ var7 var8)))) 
                  (UNARY-/ 
                    (BINARY-+ '1 
                      (BINARY-* '1 
                        (BINARY-* var6 var9)))))) 
              (
                (LAMBDA 
                  (var10 var11) 
                  (BINARY-+ 
                    (BINARY-* '1 
                      (UNARY-/ var11)) 
                    (UNARY-- var10))) 
                (MY-FLOOR N) G1) V0 DV G1)))) 
      (BINARY-+ 
        (BINARY-* EXPT_GAMMA_1 
          (BINARY-+ 
            (
              (LAMBDA 
                (var12 var13 var14 var15) 
                (BINARY-* 
                  (BINARY-* 
                    (BINARY-* '1 
                      (UNARY-/ 
                        (BINARY-* '1 '1))) 
                    (BINARY-+ '1 
                      (BINARY-* '1 
                        (BINARY-+ var13 var14)))) 
                  (UNARY-/ 
                    (BINARY-+ '1 
                      (BINARY-* '1 
                        (BINARY-* var12 var15)))))) 
              (
                (LAMBDA 
                  (var16 var17) 
                  (BINARY-+ 
                    (BINARY-* '1 
                      (UNARY-/ var17)) 
                    (UNARY-- var16))) 
                (MY-FLOOR N) G1) V0 DV G1) 
            (UNARY-- 
              (
                (LAMBDA 
                  (var18 var19 var20 var21) 
                  (BINARY-* 
                    (BINARY-* 
                      (BINARY-* '1 
                        (UNARY-/ 
                          (BINARY-* '1 '1))) 
                      (BINARY-+ '1 
                        (BINARY-* '1 
                          (BINARY-+ var19 var20)))) 
                    (UNARY-/ 
                      (BINARY-+ '1 
                        (BINARY-* '1 
                          (BINARY-* var18 var21)))))) 
                (BINARY-+ '1 
                  (
                    (LAMBDA 
                      (var22 var23) 
                      (BINARY-+ 
                        (BINARY-* '1 
                          (UNARY-/ var23)) 
                        (UNARY-- var22))) 
                    (MY-FLOOR N) G1)) V0 DV G1)))) 
        (BINARY-+ '-1 
          (BINARY-* 
            (BINARY-* 
              (BINARY-* '1 
                (UNARY-/ 
                  (BINARY-* '1 '1))) 
              (BINARY-+ '1 
                (BINARY-* '1 
                  (BINARY-+ V0 DV)))) 
            (UNARY-/ 
              (BINARY-+ '1 
                (BINARY-* '1 
                  (BINARY-+ 
                    (BINARY-* G1 
                      (BINARY-+ '1 
                        (UNARY-- 
                          (MY-FLOOR N)))) '1)))))))) 
    (UNARY-/ 
      (BINARY-+ '1 
        (UNARY-- 
          (BINARY-* 
            (BINARY-* 
              (BINARY-* '1 
                (UNARY-/ 
                  (BINARY-* '1 '1))) 
              (BINARY-+ '1 
                (BINARY-* '1 
                  (BINARY-+ V0 DV)))) 
            (UNARY-/ 
              (BINARY-+ '1 
                (BINARY-* '1 
                  (BINARY-+ 
                    (BINARY-* G1 
                      (BINARY-+ '-1 
                        (MY-FLOOR N))) '1))))))))) 
  (BINARY-* '2 N))

