level 0:
(IMPLIES 
  (IF 
    (INTEGERP N) 
    (NOT 
      (< N '4)) 'nil) 
  (IMPLIES 
    (< 
      (BINARY-+ 
        (BINARY-* 
          (EXPT 
            (GAMMA) '2) 
          (BINARY-+ 
            (FDCO 
              (BINARY-+ '-1 
                (M N))) 
            (UNARY-- 
              (FDCO 
                (M N))))) 
        (BINARY-+ 
          (BINARY-* 
            (EXPT 
              (GAMMA) '1) 
            (BINARY-+ 
              (FDCO 
                (M N)) 
              (UNARY-- 
                (FDCO 
                  (BINARY-+ '1 
                    (M N)))))) 
          (BINARY-+ 
            (BINARY-* 
              (EXPT 
                (GAMMA) 
                (BINARY-+ '2 
                  (UNARY-- 
                    (BINARY-* '2 N)))) 
              (BINARY-+ '-1 
                (BINARY-* 
                  (BINARY-* 
                    (MU) 
                    (BINARY-+ '1 
                      (BINARY-* '1 '1))) 
                  (UNARY-/ 
                    (BINARY-+ '1 
                      (BINARY-* '1 
                        (BINARY-+ 
                          (BINARY-* '1/3200 
                            (BINARY-+ '-1 N)) 
                          (EQU-C)))))))) 
            (BINARY-+ '-1 
              (BINARY-* 
                (BINARY-* 
                  (MU) 
                  (BINARY-+ '1 
                    (BINARY-* '1 '1))) 
                (UNARY-/ 
                  (BINARY-+ '1 
                    (BINARY-* '1 
                      (BINARY-+ 
                        (BINARY-* '1/3200 
                          (BINARY-+ '1 
                            (UNARY-- N))) 
                        (EQU-C)))))))))) '0) 
    (< 
      (BINARY-* 
        (EXPT 
          (GAMMA) 
          (BINARY-+ '-1 
            (BINARY-+ N 
              (BINARY-+ '-1 N)))) 
        (BINARY-+ 
          (BINARY-* 
            (EXPT 
              (GAMMA) '2) 
            (BINARY-+ 
              (FDCO 
                (BINARY-+ '-1 
                  (M N))) 
              (UNARY-- 
                (FDCO 
                  (M N))))) 
          (BINARY-+ 
            (BINARY-* 
              (EXPT 
                (GAMMA) '1) 
              (BINARY-+ 
                (FDCO 
                  (M N)) 
                (UNARY-- 
                  (FDCO 
                    (BINARY-+ '1 
                      (M N)))))) 
            (BINARY-+ 
              (BINARY-* 
                (EXPT 
                  (GAMMA) 
                  (BINARY-+ '2 
                    (UNARY-- 
                      (BINARY-* '2 N)))) 
                (BINARY-+ '-1 
                  (BINARY-* 
                    (BINARY-* 
                      (MU) 
                      (BINARY-+ '1 
                        (BINARY-* '1 '1))) 
                    (UNARY-/ 
                      (BINARY-+ '1 
                        (BINARY-* '1 
                          (BINARY-+ 
                            (BINARY-* '1/3200 
                              (BINARY-+ '-1 N)) 
                            (EQU-C)))))))) 
              (BINARY-+ '-1 
                (BINARY-* 
                  (BINARY-* 
                    (MU) 
                    (BINARY-+ '1 
                      (BINARY-* '1 '1))) 
                  (UNARY-/ 
                    (BINARY-+ '1 
                      (BINARY-* '1 
                        (BINARY-+ 
                          (BINARY-* '1/3200 
                            (BINARY-+ '1 
                              (UNARY-- N))) 
                          (EQU-C))))))))))) '0)))

level 1:IMPLIES

level 2:
(IF 
  (IF 
    (RATIONALP EXPT_GAMMA_2_MINUS_2N) 
    (IF 
      (RATIONALP EXPT_GAMMA_1) 
      (IF 
        (RATIONALP EXPT_GAMMA_2) 
        (IF 
          (RATIONALP EXPT_GAMMA_2N_MINUS_2) 
          (IF 
            (RATIONALP EXPT_GAMMA_2N_MINUS_1) 
            (IF 
              (RATIONALP EXPT_GAMMA_2N) 
              (INTEGERP N) 'nil) 'nil) 'nil) 'nil) 'nil) 'nil) 
  (IF 
    (< '0 EXPT_GAMMA_2N_MINUS_2) 
    (NOT 
      (< N '4)) 'nil) 'nil)

level 3:
(IMPLIES 
  (< 
    (BINARY-+ 
      (BINARY-* EXPT_GAMMA_2 
        (BINARY-+ 
          (
            (LAMBDA 
              (var0) 
              (BINARY-* 
                (BINARY-* 
                  (BINARY-* '1 
                    (UNARY-/ 
                      (BINARY-* '1 '1))) 
                  (BINARY-+ '1 
                    (BINARY-* '1 '1))) 
                (UNARY-/ 
                  (BINARY-+ '1 
                    (BINARY-* '1 
                      (BINARY-* var0 '1/3200)))))) 
            (BINARY-+ '-1 
              (
                (LAMBDA 
                  (var1) 
                  (BINARY-+ 
                    (BINARY-* 
                      (BINARY-+ 
                        (BINARY-* 
                          (BINARY-* '1 
                            (UNARY-/ 
                              (BINARY-* '1 
                                (BINARY-* '1 '1)))) 
                          (BINARY-+ '1 
                            (BINARY-* '1 '1))) 
                        (UNARY-- 
                          (BINARY-* '1 
                            (UNARY-/ '1)))) 
                      (UNARY-/ '1/3200)) 
                    (UNARY-- var1))) N))) 
          (UNARY-- 
            (
              (LAMBDA 
                (var2) 
                (BINARY-* 
                  (BINARY-* 
                    (BINARY-* '1 
                      (UNARY-/ 
                        (BINARY-* '1 '1))) 
                    (BINARY-+ '1 
                      (BINARY-* '1 '1))) 
                  (UNARY-/ 
                    (BINARY-+ '1 
                      (BINARY-* '1 
                        (BINARY-* var2 '1/3200)))))) 
              (
                (LAMBDA 
                  (var3) 
                  (BINARY-+ 
                    (BINARY-* 
                      (BINARY-+ 
                        (BINARY-* 
                          (BINARY-* '1 
                            (UNARY-/ 
                              (BINARY-* '1 
                                (BINARY-* '1 '1)))) 
                          (BINARY-+ '1 
                            (BINARY-* '1 '1))) 
                        (UNARY-- 
                          (BINARY-* '1 
                            (UNARY-/ '1)))) 
                      (UNARY-/ '1/3200)) 
                    (UNARY-- var3))) N))))) 
      (BINARY-+ 
        (BINARY-* EXPT_GAMMA_1 
          (BINARY-+ 
            (
              (LAMBDA 
                (var4) 
                (BINARY-* 
                  (BINARY-* 
                    (BINARY-* '1 
                      (UNARY-/ 
                        (BINARY-* '1 '1))) 
                    (BINARY-+ '1 
                      (BINARY-* '1 '1))) 
                  (UNARY-/ 
                    (BINARY-+ '1 
                      (BINARY-* '1 
                        (BINARY-* var4 '1/3200)))))) 
              (
                (LAMBDA 
                  (var5) 
                  (BINARY-+ 
                    (BINARY-* 
                      (BINARY-+ 
                        (BINARY-* 
                          (BINARY-* '1 
                            (UNARY-/ 
                              (BINARY-* '1 
                                (BINARY-* '1 '1)))) 
                          (BINARY-+ '1 
                            (BINARY-* '1 '1))) 
                        (UNARY-- 
                          (BINARY-* '1 
                            (UNARY-/ '1)))) 
                      (UNARY-/ '1/3200)) 
                    (UNARY-- var5))) N)) 
            (UNARY-- 
              (
                (LAMBDA 
                  (var6) 
                  (BINARY-* 
                    (BINARY-* 
                      (BINARY-* '1 
                        (UNARY-/ 
                          (BINARY-* '1 '1))) 
                      (BINARY-+ '1 
                        (BINARY-* '1 '1))) 
                    (UNARY-/ 
                      (BINARY-+ '1 
                        (BINARY-* '1 
                          (BINARY-* var6 '1/3200)))))) 
                (BINARY-+ '1 
                  (
                    (LAMBDA 
                      (var7) 
                      (BINARY-+ 
                        (BINARY-* 
                          (BINARY-+ 
                            (BINARY-* 
                              (BINARY-* '1 
                                (UNARY-/ 
                                  (BINARY-* '1 
                                    (BINARY-* '1 '1)))) 
                              (BINARY-+ '1 
                                (BINARY-* '1 '1))) 
                            (UNARY-- 
                              (BINARY-* '1 
                                (UNARY-/ '1)))) 
                          (UNARY-/ '1/3200)) 
                        (UNARY-- var7))) N)))))) 
        (BINARY-+ 
          (BINARY-* EXPT_GAMMA_2_MINUS_2N 
            (BINARY-+ '-1 
              (BINARY-* 
                (BINARY-* 
                  (BINARY-* '1 
                    (UNARY-/ 
                      (BINARY-* '1 '1))) 
                  (BINARY-+ '1 
                    (BINARY-* '1 '1))) 
                (UNARY-/ 
                  (BINARY-+ '1 
                    (BINARY-* '1 
                      (BINARY-+ 
                        (BINARY-* '1/3200 
                          (BINARY-+ '-1 N)) 
                        (BINARY-+ 
                          (BINARY-* 
                            (BINARY-* '1 
                              (UNARY-/ 
                                (BINARY-* '1 
                                  (BINARY-* '1 '1)))) 
                            (BINARY-+ '1 
                              (BINARY-* '1 '1))) 
                          (UNARY-- 
                            (BINARY-* '1 
                              (UNARY-/ '1))))))))))) 
          (BINARY-+ '-1 
            (BINARY-* 
              (BINARY-* 
                (BINARY-* '1 
                  (UNARY-/ 
                    (BINARY-* '1 '1))) 
                (BINARY-+ '1 
                  (BINARY-* '1 '1))) 
              (UNARY-/ 
                (BINARY-+ '1 
                  (BINARY-* '1 
                    (BINARY-+ 
                      (BINARY-* '1/3200 
                        (BINARY-+ '1 
                          (UNARY-- N))) 
                      (BINARY-+ 
                        (BINARY-* 
                          (BINARY-* '1 
                            (UNARY-/ 
                              (BINARY-* '1 
                                (BINARY-* '1 '1)))) 
                          (BINARY-+ '1 
                            (BINARY-* '1 '1))) 
                        (UNARY-- 
                          (BINARY-* '1 
                            (UNARY-/ '1))))))))))))) '0) 
  (< 
    (BINARY-* EXPT_GAMMA_2N_MINUS_2 
      (BINARY-+ 
        (BINARY-* EXPT_GAMMA_2 
          (BINARY-+ 
            (
              (LAMBDA 
                (var8) 
                (BINARY-* 
                  (BINARY-* 
                    (BINARY-* '1 
                      (UNARY-/ 
                        (BINARY-* '1 '1))) 
                    (BINARY-+ '1 
                      (BINARY-* '1 '1))) 
                  (UNARY-/ 
                    (BINARY-+ '1 
                      (BINARY-* '1 
                        (BINARY-* var8 '1/3200)))))) 
              (BINARY-+ '-1 
                (
                  (LAMBDA 
                    (var9) 
                    (BINARY-+ 
                      (BINARY-* 
                        (BINARY-+ 
                          (BINARY-* 
                            (BINARY-* '1 
                              (UNARY-/ 
                                (BINARY-* '1 
                                  (BINARY-* '1 '1)))) 
                            (BINARY-+ '1 
                              (BINARY-* '1 '1))) 
                          (UNARY-- 
                            (BINARY-* '1 
                              (UNARY-/ '1)))) 
                        (UNARY-/ '1/3200)) 
                      (UNARY-- var9))) N))) 
            (UNARY-- 
              (
                (LAMBDA 
                  (var10) 
                  (BINARY-* 
                    (BINARY-* 
                      (BINARY-* '1 
                        (UNARY-/ 
                          (BINARY-* '1 '1))) 
                      (BINARY-+ '1 
                        (BINARY-* '1 '1))) 
                    (UNARY-/ 
                      (BINARY-+ '1 
                        (BINARY-* '1 
                          (BINARY-* var10 '1/3200)))))) 
                (
                  (LAMBDA 
                    (var11) 
                    (BINARY-+ 
                      (BINARY-* 
                        (BINARY-+ 
                          (BINARY-* 
                            (BINARY-* '1 
                              (UNARY-/ 
                                (BINARY-* '1 
                                  (BINARY-* '1 '1)))) 
                            (BINARY-+ '1 
                              (BINARY-* '1 '1))) 
                          (UNARY-- 
                            (BINARY-* '1 
                              (UNARY-/ '1)))) 
                        (UNARY-/ '1/3200)) 
                      (UNARY-- var11))) N))))) 
        (BINARY-+ 
          (BINARY-* EXPT_GAMMA_1 
            (BINARY-+ 
              (
                (LAMBDA 
                  (var12) 
                  (BINARY-* 
                    (BINARY-* 
                      (BINARY-* '1 
                        (UNARY-/ 
                          (BINARY-* '1 '1))) 
                      (BINARY-+ '1 
                        (BINARY-* '1 '1))) 
                    (UNARY-/ 
                      (BINARY-+ '1 
                        (BINARY-* '1 
                          (BINARY-* var12 '1/3200)))))) 
                (
                  (LAMBDA 
                    (var13) 
                    (BINARY-+ 
                      (BINARY-* 
                        (BINARY-+ 
                          (BINARY-* 
                            (BINARY-* '1 
                              (UNARY-/ 
                                (BINARY-* '1 
                                  (BINARY-* '1 '1)))) 
                            (BINARY-+ '1 
                              (BINARY-* '1 '1))) 
                          (UNARY-- 
                            (BINARY-* '1 
                              (UNARY-/ '1)))) 
                        (UNARY-/ '1/3200)) 
                      (UNARY-- var13))) N)) 
              (UNARY-- 
                (
                  (LAMBDA 
                    (var14) 
                    (BINARY-* 
                      (BINARY-* 
                        (BINARY-* '1 
                          (UNARY-/ 
                            (BINARY-* '1 '1))) 
                        (BINARY-+ '1 
                          (BINARY-* '1 '1))) 
                      (UNARY-/ 
                        (BINARY-+ '1 
                          (BINARY-* '1 
                            (BINARY-* var14 '1/3200)))))) 
                  (BINARY-+ '1 
                    (
                      (LAMBDA 
                        (var15) 
                        (BINARY-+ 
                          (BINARY-* 
                            (BINARY-+ 
                              (BINARY-* 
                                (BINARY-* '1 
                                  (UNARY-/ 
                                    (BINARY-* '1 
                                      (BINARY-* '1 '1)))) 
                                (BINARY-+ '1 
                                  (BINARY-* '1 '1))) 
                              (UNARY-- 
                                (BINARY-* '1 
                                  (UNARY-/ '1)))) 
                            (UNARY-/ '1/3200)) 
                          (UNARY-- var15))) N)))))) 
          (BINARY-+ 
            (BINARY-* EXPT_GAMMA_2_MINUS_2N 
              (BINARY-+ '-1 
                (BINARY-* 
                  (BINARY-* 
                    (BINARY-* '1 
                      (UNARY-/ 
                        (BINARY-* '1 '1))) 
                    (BINARY-+ '1 
                      (BINARY-* '1 '1))) 
                  (UNARY-/ 
                    (BINARY-+ '1 
                      (BINARY-* '1 
                        (BINARY-+ 
                          (BINARY-* '1/3200 
                            (BINARY-+ '-1 N)) 
                          (BINARY-+ 
                            (BINARY-* 
                              (BINARY-* '1 
                                (UNARY-/ 
                                  (BINARY-* '1 
                                    (BINARY-* '1 '1)))) 
                              (BINARY-+ '1 
                                (BINARY-* '1 '1))) 
                            (UNARY-- 
                              (BINARY-* '1 
                                (UNARY-/ '1))))))))))) 
            (BINARY-+ '-1 
              (BINARY-* 
                (BINARY-* 
                  (BINARY-* '1 
                    (UNARY-/ 
                      (BINARY-* '1 '1))) 
                  (BINARY-+ '1 
                    (BINARY-* '1 '1))) 
                (UNARY-/ 
                  (BINARY-+ '1 
                    (BINARY-* '1 
                      (BINARY-+ 
                        (BINARY-* '1/3200 
                          (BINARY-+ '1 
                            (UNARY-- N))) 
                        (BINARY-+ 
                          (BINARY-* 
                            (BINARY-* '1 
                              (UNARY-/ 
                                (BINARY-* '1 
                                  (BINARY-* '1 '1)))) 
                            (BINARY-+ '1 
                              (BINARY-* '1 '1))) 
                          (UNARY-- 
                            (BINARY-* '1 
                              (UNARY-/ '1)))))))))))))) '0))

