level 0:
(IMPLIES 
  (IF 
    (IF 
      (RATIONALP V0) 
      (RATIONALP PHI0) 'nil) 
    (IF 
      (NOT 
        (< 
          (BINARY-* '10/9 V0) '1)) 
      (IF 
        (NOT 
          (< '11/10 V0)) 
        (IF 
          (NOT 
            (< PHI0 '0)) 
          (< PHI0 
            (BINARY-+ '-1 
              (BINARY-* 
                (BINARY-+ '1 V0) 
                (UNARY-/ 
                  (BINARY-+ '1599/1600 V0))))) 'nil) 'nil) 'nil) 'nil) 
  (< 
    (BINARY-+ 
      (BINARY-* '1/3125 PHI0) 
      (BINARY-+ 
        (BINARY-* 
          (BINARY-+ '1 V0) 
          (UNARY-/ 
            (BINARY-+ '3201/3200 V0))) 
        (BINARY-+ 
          (BINARY-* '1/125 
            (BINARY-* 
              (BINARY-+ '1 V0) 
              (UNARY-/ 
                (BINARY-+ '1599/1600 V0)))) 
          (BINARY-+ 
            (BINARY-* '1/25 
              (BINARY-* 
                (BINARY-+ '1 V0) 
                (UNARY-/ 
                  (BINARY-+ '3199/3200 V0)))) 
            (BINARY-* '1/625 
              (BINARY-* 
                (BINARY-+ '1 V0) 
                (UNARY-/ 
                  (BINARY-+ '3197/3200 V0)))))))) '656/625))

level 1:IMPLIES

level 2:
(IF 
  (IF 
    (RATIONALP V0) 
    (RATIONALP PHI0) 'nil) 
  (IF 
    (NOT 
      (< 
        (BINARY-* '10/9 V0) '1)) 
    (IF 
      (NOT 
        (< '11/10 V0)) 
      (IF 
        (NOT 
          (< PHI0 '0)) 
        (< PHI0 
          (BINARY-+ '-1 
            (BINARY-* 
              (BINARY-+ '1 V0) 
              (UNARY-/ 
                (BINARY-+ '1599/1600 V0))))) 'nil) 'nil) 'nil) 'nil)

level 3:
(< 
  (BINARY-+ 
    (BINARY-* '1/3125 PHI0) 
    (BINARY-+ 
      (BINARY-* 
        (BINARY-+ '1 V0) 
        (UNARY-/ 
          (BINARY-+ '3201/3200 V0))) 
      (BINARY-+ 
        (BINARY-* '1/125 
          (BINARY-* 
            (BINARY-+ '1 V0) 
            (UNARY-/ 
              (BINARY-+ '1599/1600 V0)))) 
        (BINARY-+ 
          (BINARY-* '1/25 
            (BINARY-* 
              (BINARY-+ '1 V0) 
              (UNARY-/ 
                (BINARY-+ '3199/3200 V0)))) 
          (BINARY-* '1/625 
            (BINARY-* 
              (BINARY-+ '1 V0) 
              (UNARY-/ 
                (BINARY-+ '3197/3200 V0)))))))) '656/625)

