level 0:
(IF 
  (NOT 
    (RATIONALP V0)) 'T 
  (IF 
    (NOT 
      (RATIONALP PHI0)) 'T 
    (IF 
      (< 
        (BINARY-* '10/9 V0) '1) 'T 
      (IF 
        (< '11/10 V0) 'T 
        (IF 
          (< PHI0 '0) 'T 
          (IF 
            (NOT 
              (< PHI0 
                (BINARY-+ '-1 
                  (BINARY-* 
                    (BINARY-+ '1 V0) 
                    (UNARY-/ 
                      (BINARY-+ '1599/1600 V0)))))) 'T 
            (< 
              (BINARY-+ 
                (BINARY-* '1/3125 PHI0) 
                (BINARY-+ 
                  (BINARY-* 
                    (BINARY-+ '1 V0) 
                    (UNARY-/ 
                      (BINARY-+ '3201/3200 V0))) 
                  (BINARY-+ 
                    (BINARY-* '1/125 
                      (BINARY-* 
                        (BINARY-+ '1 V0) 
                        (UNARY-/ 
                          (BINARY-+ '1599/1600 V0)))) 
                    (BINARY-+ 
                      (BINARY-* '1/25 
                        (BINARY-* 
                          (BINARY-+ '1 V0) 
                          (UNARY-/ 
                            (BINARY-+ '3199/3200 V0)))) 
                      (BINARY-* '1/625 
                        (BINARY-* 
                          (BINARY-+ '1 V0) 
                          (UNARY-/ 
                            (BINARY-+ '3197/3200 V0)))))))) '656/625)))))))

level 1:IMPLIES

level 2:
(IF 
  (RATIONALP V0) nil 'nil)

level 3:'T

