level 0:
(IF 
  (NOT 
    (INTEGERP N_MINUS_2)) 'T 
  (IF 
    (NOT 
      (RATIONALP V0)) 'T 
    (IF 
      (NOT 
        (RATIONALP DV)) 'T 
      (IF 
        (NOT 
          (RATIONALP PHI0)) 'T 
        (IF 
          (< N_MINUS_2 '2) 'T 
          (IF 
            (< 
              (BINARY-* '10/9 V0) '1) 'T 
            (IF 
              (< '11/10 V0) 'T 
              (IF 
                (< '1 
                  (UNARY-- 
                    (BINARY-* '8000 DV))) 'T 
                (IF 
                  (< '1 
                    (BINARY-* '8000 DV)) 'T 
                  (IF 
                    (< PHI0 '0) 'T 
                    (IF 
                      (NOT 
                        (< PHI0 
                          (BINARY-+ '-1 
                            (BINARY-* 
                              (BINARY-+ '1 
                                (BINARY-+ DV V0)) 
                              (UNARY-/ 
                                (BINARY-+ '3199/3200 
                                  (BINARY-+ V0 
                                    (UNARY-- 
                                      (BINARY-* '1/3200 N_MINUS_2))))))))) 'T 
                      (< PHI0 
                        (BINARY-+ '-1 
                          (BINARY-* 
                            (BINARY-+ '1 
                              (BINARY-+ DV V0)) 
                            (UNARY-/ 
                              (BINARY-+ '1 
                                (BINARY-+ V0 
                                  (UNARY-- 
                                    (BINARY-* '1/3200 N_MINUS_2)))))))))))))))))))

level 1:IMPLIES

level 2:
(IF 
  (INTEGERP N_MINUS_2) nil 'nil)

level 3:'T

