level 0:
(IMPLIES 
  (IF 
    (IF 
      (INTEGERP N) 
      (IF 
        (RATIONALP V0) 
        (IF 
          (RATIONALP G1) 
          (RATIONALP PHI0) 'nil) 'nil) 'nil) 
    (IF 
      (EQUAL N '3) 
      (IF 
        (NOT 
          (< V0 '9/10)) 
        (IF 
          (NOT 
            (< '11/10 V0)) 
          (IF 
            (EQUAL G1 '1/3200) 
            (IF 
              (NOT 
                (< PHI0 '0)) 
              (< PHI0 
                (BINARY-+ '-1 
                  (FDCO 
                    (BINARY-+ '1 
                      (M N V0 G1)) V0 G1))) 'nil) 'nil) 'nil) 'nil) 'nil) 'nil) 
  (< 
    (PHI-2N-1 N PHI0 V0 G1) '0))

level 1:IMPLIES

level 2:
(IF 
  (IF 
    (INTEGERP N) 
    (IF 
      (RATIONALP V0) 
      (IF 
        (RATIONALP G1) 
        (RATIONALP PHI0) 'nil) 'nil) 'nil) 
  (IF 
    (EQUAL N '3) 
    (IF 
      (NOT 
        (< V0 '9/10)) 
      (IF 
        (NOT 
          (< '11/10 V0)) 
        (IF 
          (EQUAL G1 '1/3200) 
          (IF 
            (NOT 
              (< PHI0 '0)) 
            (< PHI0 
              (BINARY-+ '-1 
                (
                  (LAMBDA 
                    (var0 var1 var2) 
                    (BINARY-* 
                      (BINARY-* 
                        (BINARY-* '1 
                          (UNARY-/ 
                            (BINARY-* '1 '1))) 
                        (BINARY-+ '1 
                          (BINARY-* '1 var1))) 
                      (UNARY-/ 
                        (BINARY-+ '1 
                          (BINARY-* '1 
                            (BINARY-* var0 var2)))))) 
                  (BINARY-+ '1 
                    (
                      (LAMBDA 
                        (var3 var4 var5) 
                        (BINARY-+ 
                          (BINARY-* 
                            (
                              (LAMBDA 
                                (var6) 
                                (BINARY-+ 
                                  (BINARY-* 
                                    (BINARY-* '1 
                                      (UNARY-/ 
                                        (BINARY-* '1 
                                          (BINARY-* '1 '1)))) 
                                    (BINARY-+ '1 
                                      (BINARY-* '1 var6))) 
                                  (UNARY-- 
                                    (BINARY-* '1 
                                      (UNARY-/ '1))))) var4) 
                            (UNARY-/ var5)) 
                          (UNARY-- var3))) N V0 G1)) V0 G1))) 'nil) 'nil) 'nil) 'nil) 'nil) 'nil)

level 3:
(< 
  (
    (LAMBDA 
      (var7 var8 var9 var10) 
      (BINARY-+ 
        (
          (LAMBDA 
            (var11 var12 var13 var14) 
            (BINARY-+ 
              (BINARY-* 
                (EXPT 
                  (GAMMA) 
                  (BINARY-+ '-1 
                    (BINARY-* '2 var11))) var12) 
              (BINARY-+ 
                (BINARY-* 
                  (EXPT 
                    (GAMMA) 
                    (BINARY-+ '-2 
                      (BINARY-* '2 var11))) 
                  (BINARY-+ '-1 
                    (
                      (LAMBDA 
                        (var15 var16 var17) 
                        (BINARY-* 
                          (BINARY-* 
                            (BINARY-* '1 
                              (UNARY-/ 
                                (BINARY-* '1 '1))) 
                            (BINARY-+ '1 
                              (BINARY-* '1 var16))) 
                          (UNARY-/ 
                            (BINARY-+ '1 
                              (BINARY-* '1 
                                (BINARY-* var15 var17)))))) 
                      (
                        (LAMBDA 
                          (var18 var19 var20) 
                          (BINARY-+ 
                            (BINARY-* 
                              (
                                (LAMBDA 
                                  (var21) 
                                  (BINARY-+ 
                                    (BINARY-* 
                                      (BINARY-* '1 
                                        (UNARY-/ 
                                          (BINARY-* '1 
                                            (BINARY-* '1 '1)))) 
                                      (BINARY-+ '1 
                                        (BINARY-* '1 var21))) 
                                    (UNARY-- 
                                      (BINARY-* '1 
                                        (UNARY-/ '1))))) var19) 
                              (UNARY-/ var20)) 
                            (UNARY-- var18))) var11 var13 var14) var13 var14))) 
                (BINARY-* 
                  (EXPT 
                    (GAMMA) 
                    (BINARY-+ '-3 
                      (BINARY-* '2 var11))) 
                  (BINARY-+ '-1 
                    (
                      (LAMBDA 
                        (var22 var23 var24) 
                        (BINARY-* 
                          (BINARY-* 
                            (BINARY-* '1 
                              (UNARY-/ 
                                (BINARY-* '1 '1))) 
                            (BINARY-+ '1 
                              (BINARY-* '1 var23))) 
                          (UNARY-/ 
                            (BINARY-+ '1 
                              (BINARY-* '1 
                                (BINARY-* var22 var24)))))) 
                      (BINARY-+ '1 
                        (
                          (LAMBDA 
                            (var25 var26 var27) 
                            (BINARY-+ 
                              (BINARY-* 
                                (
                                  (LAMBDA 
                                    (var28) 
                                    (BINARY-+ 
                                      (BINARY-* 
                                        (BINARY-* '1 
                                          (UNARY-/ 
                                            (BINARY-* '1 
                                              (BINARY-* '1 '1)))) 
                                        (BINARY-+ '1 
                                          (BINARY-* '1 var28))) 
                                      (UNARY-- 
                                        (BINARY-* '1 
                                          (UNARY-/ '1))))) var26) 
                                (UNARY-/ var27)) 
                              (UNARY-- var25))) var11 var13 var14)) var13 var14)))))) var7 var8 var9 var10) 
        (
          (LAMBDA 
            (var29 var30 var31) 
            (BINARY-* 
              (EXPT 
                (GAMMA) 
                (BINARY-+ '-2 var29)) 
              (
                (LAMBDA 
                  (var32 var33 var34 var35) 
                  (IF 
                    (IF 
                      (NOT 
                        (INTEGERP var33)) 
                      (NOT 
                        (INTEGERP var33)) 
                      (IF 
                        (NOT 
                          (INTEGERP var32)) 
                        (NOT 
                          (INTEGERP var32)) 
                        (< var33 var32))) '0 
                    (BINARY-+ 
                      (
                        (LAMBDA 
                          (var36 var37 var38) 
                          (BINARY-* 
                            (EXPT 
                              (GAMMA) 
                              (UNARY-- var36)) 
                            (BINARY-+ '-1 
                              (BINARY-* 
                                (BINARY-* '1 
                                  (UNARY-/ 
                                    (BINARY-* '1 '1))) 
                                (BINARY-* 
                                  (BINARY-+ '1 
                                    (BINARY-* '1 var37)) 
                                  (UNARY-/ 
                                    (BINARY-+ '1 
                                      (BINARY-* '1 
                                        (BINARY-+ 
                                          (BINARY-* var36 var38) 
                                          (
                                            (LAMBDA 
                                              (var39) 
                                              (BINARY-+ 
                                                (BINARY-* 
                                                  (BINARY-* '1 
                                                    (UNARY-/ 
                                                      (BINARY-* '1 
                                                        (BINARY-* '1 '1)))) 
                                                  (BINARY-+ '1 
                                                    (BINARY-* '1 var39))) 
                                                (UNARY-- 
                                                  (BINARY-* '1 
                                                    (UNARY-/ '1))))) var37)))))))))) var33 var34 var35) 
                      (BINARY-+ 
                        (
                          (LAMBDA 
                            (var40 var41 var42) 
                            (BINARY-* 
                              (EXPT 
                                (GAMMA) 
                                (UNARY-- var40)) 
                              (BINARY-+ '-1 
                                (BINARY-* 
                                  (BINARY-* '1 
                                    (UNARY-/ 
                                      (BINARY-* '1 '1))) 
                                  (BINARY-* 
                                    (BINARY-+ '1 
                                      (BINARY-* '1 var41)) 
                                    (UNARY-/ 
                                      (BINARY-+ '1 
                                        (BINARY-* '1 
                                          (BINARY-+ 
                                            (BINARY-* var40 var42) 
                                            (
                                              (LAMBDA 
                                                (var43) 
                                                (BINARY-+ 
                                                  (BINARY-* 
                                                    (BINARY-* '1 
                                                      (UNARY-/ 
                                                        (BINARY-* '1 
                                                          (BINARY-* '1 '1)))) 
                                                    (BINARY-+ '1 
                                                      (BINARY-* '1 var43))) 
                                                  (UNARY-- 
                                                    (BINARY-* '1 
                                                      (UNARY-/ '1))))) var41)))))))))) 
                          (UNARY-- var33) var34 var35) 
                        (B-SUM var32 
                          (BINARY-+ '-1 var33) var34 var35))))) '1 
                (BINARY-+ '-2 var29) var30 var31))) var7 var9 var10))) N PHI0 V0 G1) '0)

