level 0:
(IMPLIES 
  (IF 
    (IF 
      (INTEGERP N_MINUS_2) 
      (IF 
        (RATIONALP G1) 
        (IF 
          (RATIONALP V0) 
          (IF 
            (RATIONALP DV) 
            (RATIONALP PHI0) 'nil) 'nil) 'nil) 'nil) 
    (IF 
      (NOT 
        (< N_MINUS_2 '2)) 
      (IF 
        (EQUAL G1 '1/3200) 
        (IF 
          (NOT 
            (< V0 '9/10)) 
          (IF 
            (NOT 
              (< '11/10 V0)) 
            (IF 
              (NOT 
                (< DV 
                  (UNARY-- 
                    (DV0)))) 
              (IF 
                (NOT 
                  (< 
                    (DV0) DV)) 
                (IF 
                  (NOT 
                    (< PHI0 '0)) 
                  (< PHI0 
                    (BINARY-+ '-1 
                      (FDCO 
                        (BINARY-+ '1 
                          (M 
                            (BINARY-+ N_MINUS_2 '2) V0 G1)) V0 DV G1))) 'nil) 'nil) 'nil) 'nil) 'nil) 'nil) 'nil) 'nil) 
  (IF 
    (< '0 
      (BINARY-+ '-1 
        (FDCO 
          (BINARY-+ '1 
            (M 
              (BINARY-+ N_MINUS_2 '2) V0 G1)) V0 DV G1))) 
    (< '0 
      (BINARY-+ '-1 
        (FDCO 
          (BINARY-+ '1 
            (M 
              (BINARY-+ '-1 
                (BINARY-+ N_MINUS_2 '2)) V0 G1)) V0 DV G1))) 'nil))

level 1:IMPLIES

level 2:
(IF 
  (IF 
    (INTEGERP N_MINUS_2) 
    (IF 
      (RATIONALP G1) 
      (IF 
        (RATIONALP V0) 
        (IF 
          (RATIONALP DV) 
          (RATIONALP PHI0) 'nil) 'nil) 'nil) 'nil) 
  (IF 
    (NOT 
      (< N_MINUS_2 '2)) 
    (IF 
      (EQUAL G1 '1/3200) 
      (IF 
        (NOT 
          (< V0 '9/10)) 
        (IF 
          (NOT 
            (< '11/10 V0)) 
          (IF 
            (NOT 
              (< DV 
                (UNARY-- 
                  (BINARY-* '-2 '-1/16000)))) 
            (IF 
              (NOT 
                (< 
                  (BINARY-* '-2 '-1/16000) DV)) 
              (IF 
                (NOT 
                  (< PHI0 '0)) 
                (< PHI0 
                  (BINARY-+ '-1 
                    (
                      (LAMBDA 
                        (var0 var1 var2 var3) 
                        (BINARY-* 
                          (BINARY-* 
                            (BINARY-* '1 
                              (UNARY-/ 
                                (BINARY-* '1 '1))) 
                            (BINARY-+ '1 
                              (BINARY-* '1 
                                (BINARY-+ var1 var2)))) 
                          (UNARY-/ 
                            (BINARY-+ '1 
                              (BINARY-* '1 
                                (BINARY-* var0 var3)))))) 
                      (BINARY-+ '1 
                        (
                          (LAMBDA 
                            (var4 var5 var6) 
                            (BINARY-+ 
                              (BINARY-* 
                                (
                                  (LAMBDA 
                                    (var7) 
                                    (BINARY-+ 
                                      (BINARY-* '1 
                                        (BINARY-* 
                                          (BINARY-+ '1 
                                            (BINARY-* '1 var7)) 
                                          (UNARY-/ 
                                            (BINARY-* '1 
                                              (BINARY-* '1 '1))))) 
                                      (UNARY-- 
                                        (UNARY-/ '1)))) var5) 
                                (UNARY-/ var6)) 
                              (UNARY-- var4))) 
                          (BINARY-+ N_MINUS_2 '2) V0 G1)) V0 DV G1))) 'nil) 'nil) 'nil) 'nil) 'nil) 'nil) 'nil) 'nil)

level 3:
(IF 
  (< '0 
    (BINARY-+ '-1 
      (
        (LAMBDA 
          (var8 var9 var10 var11) 
          (BINARY-* 
            (BINARY-* 
              (BINARY-* '1 
                (UNARY-/ 
                  (BINARY-* '1 '1))) 
              (BINARY-+ '1 
                (BINARY-* '1 
                  (BINARY-+ var9 var10)))) 
            (UNARY-/ 
              (BINARY-+ '1 
                (BINARY-* '1 
                  (BINARY-* var8 var11)))))) 
        (BINARY-+ '1 
          (
            (LAMBDA 
              (var12 var13 var14) 
              (BINARY-+ 
                (BINARY-* 
                  (
                    (LAMBDA 
                      (var15) 
                      (BINARY-+ 
                        (BINARY-* '1 
                          (BINARY-* 
                            (BINARY-+ '1 
                              (BINARY-* '1 var15)) 
                            (UNARY-/ 
                              (BINARY-* '1 
                                (BINARY-* '1 '1))))) 
                        (UNARY-- 
                          (UNARY-/ '1)))) var13) 
                  (UNARY-/ var14)) 
                (UNARY-- var12))) 
            (BINARY-+ N_MINUS_2 '2) V0 G1)) V0 DV G1))) 
  (< '0 
    (BINARY-+ '-1 
      (
        (LAMBDA 
          (var16 var17 var18 var19) 
          (BINARY-* 
            (BINARY-* 
              (BINARY-* '1 
                (UNARY-/ 
                  (BINARY-* '1 '1))) 
              (BINARY-+ '1 
                (BINARY-* '1 
                  (BINARY-+ var17 var18)))) 
            (UNARY-/ 
              (BINARY-+ '1 
                (BINARY-* '1 
                  (BINARY-* var16 var19)))))) 
        (BINARY-+ '1 
          (
            (LAMBDA 
              (var20 var21 var22) 
              (BINARY-+ 
                (BINARY-* 
                  (
                    (LAMBDA 
                      (var23) 
                      (BINARY-+ 
                        (BINARY-* '1 
                          (BINARY-* 
                            (BINARY-+ '1 
                              (BINARY-* '1 var23)) 
                            (UNARY-/ 
                              (BINARY-* '1 
                                (BINARY-* '1 '1))))) 
                        (UNARY-- 
                          (UNARY-/ '1)))) var21) 
                  (UNARY-/ var22)) 
                (UNARY-- var20))) 
            (BINARY-+ '-1 
              (BINARY-+ N_MINUS_2 '2)) V0 G1)) V0 DV G1))) 'nil)

