level 0:
(IMPLIES 
  (IF 
    (IF 
      (INTEGERP I) 
      (IF 
        (RATIONALP V0) 
        (IF 
          (RATIONALP DV) 
          (RATIONALP PHI0) 'nil) 'nil) 'nil) 
    (IF 
      (NOT 
        (< 
          (BINARY-+ '-1 I) '3)) 
      (IF 
        (NOT 
          (< '640 
            (BINARY-+ '-1 I))) 
        (IF 
          (NOT 
            (< 
              (BINARY-* '10/9 V0) '1)) 
          (IF 
            (NOT 
              (< '11/10 V0)) 
            (IF 
              (NOT 
                (< '1 
                  (UNARY-- 
                    (BINARY-* '8000 DV)))) 
              (IF 
                (NOT 
                  (< '1 
                    (BINARY-* '8000 DV))) 
                (IF 
                  (NOT 
                    (< PHI0 '0)) 
                  (< PHI0 
                    (BINARY-+ '-1 
                      (BINARY-* 
                        (BINARY-+ '1 
                          (BINARY-+ DV V0)) 
                        (UNARY-/ 
                          (BINARY-+ '1601/1600 
                            (BINARY-+ V0 
                              (UNARY-- 
                                (BINARY-* '1/3200 I)))))))) 'nil) 'nil) 'nil) 'nil) 'nil) 'nil) 'nil) 'nil) 
  (< PHI0 
    (BINARY-+ '-1 
      (BINARY-* 
        (BINARY-+ '1 
          (BINARY-+ DV V0)) 
        (UNARY-/ 
          (BINARY-+ '3201/3200 
            (BINARY-+ V0 
              (UNARY-- 
                (BINARY-* '1/3200 I)))))))))

level 1:IMPLIES

level 2:
(IF 
  (IF 
    (INTEGERP I) 
    (IF 
      (RATIONALP V0) 
      (IF 
        (RATIONALP DV) 
        (RATIONALP PHI0) 'nil) 'nil) 'nil) 
  (IF 
    (NOT 
      (< 
        (BINARY-+ '-1 I) '3)) 
    (IF 
      (NOT 
        (< '640 
          (BINARY-+ '-1 I))) 
      (IF 
        (NOT 
          (< 
            (BINARY-* '10/9 V0) '1)) 
        (IF 
          (NOT 
            (< '11/10 V0)) 
          (IF 
            (NOT 
              (< '1 
                (UNARY-- 
                  (BINARY-* '8000 DV)))) 
            (IF 
              (NOT 
                (< '1 
                  (BINARY-* '8000 DV))) 
              (IF 
                (NOT 
                  (< PHI0 '0)) 
                (< PHI0 
                  (BINARY-+ '-1 
                    (BINARY-* 
                      (BINARY-+ '1 
                        (BINARY-+ DV V0)) 
                      (UNARY-/ 
                        (BINARY-+ '1601/1600 
                          (BINARY-+ V0 
                            (UNARY-- 
                              (BINARY-* '1/3200 I)))))))) 'nil) 'nil) 'nil) 'nil) 'nil) 'nil) 'nil) 'nil)

level 3:
(< PHI0 
  (BINARY-+ '-1 
    (BINARY-* 
      (BINARY-+ '1 
        (BINARY-+ DV V0)) 
      (UNARY-/ 
        (BINARY-+ '3201/3200 
          (BINARY-+ V0 
            (UNARY-- 
              (BINARY-* '1/3200 I))))))))

