level 0:
(IF 
  (NOT 
    (RATIONALP V0)) 'T 
  (IF 
    (NOT 
      (RATIONALP PHI0)) 'T 
    (IF 
      (NOT 
        (RATIONALP DV)) 'T 
      (IF 
        (NOT 
          (EQUAL I '3)) 'T 
        (IF 
          (< 
            (BINARY-* '10/9 V0) '1) 'T 
          (IF 
            (< '11/10 V0) 'T 
            (IF 
              (< '1 
                (UNARY-- 
                  (BINARY-* '8000 DV))) 'T 
              (IF 
                (< '1 
                  (BINARY-* '8000 DV)) 'T 
                (IF 
                  (< PHI0 '0) 'T 
                  (IF 
                    (NOT 
                      (< PHI0 
                        (BINARY-+ '-1 
                          (BINARY-+ 
                            (UNARY-/ 
                              (BINARY-+ '2561/3200 V0)) 
                            (BINARY-+ 
                              (BINARY-* DV 
                                (UNARY-/ 
                                  (BINARY-+ '2561/3200 V0))) 
                              (BINARY-* V0 
                                (UNARY-/ 
                                  (BINARY-+ '2561/3200 V0)))))))) 'T 
                    (< 
                      (BINARY-+ 
                        (BINARY-* '1/30 PHI0) 
                        (BINARY-+ 
                          (BINARY-* '1/6 
                            (UNARY-/ 
                              (BINARY-+ '1599/1600 V0))) 
                          (BINARY-+ 
                            (BINARY-* '5/6 
                              (UNARY-/ 
                                (BINARY-+ '3199/3200 V0))) 
                            (BINARY-+ 
                              (BINARY-* '1/6 
                                (BINARY-* DV 
                                  (UNARY-/ 
                                    (BINARY-+ '1599/1600 V0)))) 
                              (BINARY-+ 
                                (BINARY-* '1/6 
                                  (BINARY-* V0 
                                    (UNARY-/ 
                                      (BINARY-+ '1599/1600 V0)))) 
                                (BINARY-+ 
                                  (BINARY-* '5/6 
                                    (BINARY-* DV 
                                      (UNARY-/ 
                                        (BINARY-+ '3199/3200 V0)))) 
                                  (BINARY-* '5/6 
                                    (BINARY-* V0 
                                      (UNARY-/ 
                                        (BINARY-+ '3199/3200 V0)))))))))) '1)))))))))))

level 1:IMPLIES

level 2:
(IF 
  (RATIONALP V0) nil 'nil)

level 3:'T

