level 0:
(IMPLIES 
  (IF 
    (IF 
      (INTEGERP H) 
      (IF 
        (RATIONALP V0) 
        (IF 
          (RATIONALP DV) 
          (IF 
            (RATIONALP G1) 
            (RATIONALP GAMMA) 'nil) 'nil) 'nil) 'nil) 
    (IF 
      (< '0 V0) 
      (IF 
        (< '0 DV) 
        (IF 
          (< '0 G1) 
          (IF 
            (NOT 
              (< GAMMA '1/6)) 
            (IF 
              (NOT 
                (< '1/5 GAMMA)) 
              (IF 
                (< DV 
                  (BINARY-* 
                    (BINARY-* G1 '1) 
                    (UNARY-/ 
                      (BINARY-* '2 '1)))) 
                (IF 
                  (< 
                    (UNARY-- DV) 
                    (BINARY-* 
                      (BINARY-* G1 '1) 
                      (UNARY-/ 
                        (BINARY-* '2 '1)))) 
                  (IF 
                    (NOT 
                      (< H '1)) 
                    (IF 
                      (< H 
                        (BINARY-+ 
                          (BINARY-* 
                            (BINARY-+ '1 
                              (BINARY-* '1 
                                (EQU-C V0))) 
                            (UNARY-/ 
                              (BINARY-* G1 '1))) 
                          (UNARY-- 
                            (UNARY-/ 
                              (BINARY-+ '1 
                                (UNARY-- GAMMA)))))) 
                      (< 
                        (BINARY-+ 
                          (B-TERM H V0 DV G1 GAMMA) 
                          (B-TERM 
                            (UNARY-- H) V0 DV G1 GAMMA)) '0) 'nil) 'nil) 'nil) 'nil) 'nil) 'nil) 'nil) 'nil) 'nil) 'nil) 
  (< 
    (BINARY-+ 
      (B-TERM 
        (BINARY-+ '1 H) V0 DV G1 GAMMA) 
      (B-TERM 
        (UNARY-- 
          (BINARY-+ '1 H)) V0 DV G1 GAMMA)) '0))

level 1:IMPLIES

level 2:
(IF 
  (IF 
    (INTEGERP H) 
    (IF 
      (RATIONALP V0) 
      (IF 
        (RATIONALP DV) 
        (IF 
          (RATIONALP G1) 
          (RATIONALP GAMMA) 'nil) 'nil) 'nil) 'nil) 
  (IF 
    (< '0 V0) 
    (IF 
      (< '0 DV) 
      (IF 
        (< '0 G1) 
        (IF 
          (NOT 
            (< GAMMA '1/6)) 
          (IF 
            (NOT 
              (< '1/5 GAMMA)) 
            (IF 
              (< DV 
                (BINARY-* 
                  (BINARY-* G1 '1) 
                  (UNARY-/ 
                    (BINARY-* '2 '1)))) 
              (IF 
                (< 
                  (UNARY-- DV) 
                  (BINARY-* 
                    (BINARY-* G1 '1) 
                    (UNARY-/ 
                      (BINARY-* '2 '1)))) 
                (IF 
                  (NOT 
                    (< H '1)) 
                  (IF 
                    (< H 
                      (BINARY-+ 
                        (BINARY-* 
                          (BINARY-+ '1 
                            (BINARY-* '1 
                              (
                                (LAMBDA 
                                  (var0) 
                                  (BINARY-+ 
                                    (BINARY-* '1 
                                      (BINARY-* 
                                        (BINARY-+ '1 
                                          (BINARY-* '1 var0)) 
                                        (UNARY-/ 
                                          (BINARY-* '1 
                                            (BINARY-* '1 '1))))) 
                                    (UNARY-- 
                                      (UNARY-/ '1)))) V0))) 
                          (UNARY-/ 
                            (BINARY-* G1 '1))) 
                        (UNARY-- 
                          (UNARY-/ 
                            (BINARY-+ '1 
                              (UNARY-- GAMMA)))))) 
                    (< 
                      (BINARY-+ 
                        (
                          (LAMBDA 
                            (var1 var2 var3 var4 var5) 
                            (BINARY-* 
                              (
                                (LAMBDA 
                                  (var6 var7) 
                                  (EXPT var7 
                                    (UNARY-- var6))) var1 var5) 
                              (
                                (LAMBDA 
                                  (var8 var9 var10 var11) 
                                  (BINARY-+ '-1 
                                    (BINARY-* 
                                      (BINARY-* '1 
                                        (UNARY-/ 
                                          (BINARY-* '1 '1))) 
                                      (BINARY-* 
                                        (BINARY-+ '1 
                                          (BINARY-* '1 
                                            (BINARY-+ var9 var10))) 
                                        (UNARY-/ 
                                          (BINARY-+ '1 
                                            (BINARY-* '1 
                                              (BINARY-+ 
                                                (BINARY-* var8 var11) 
                                                (
                                                  (LAMBDA 
                                                    (var12) 
                                                    (BINARY-+ 
                                                      (BINARY-* '1 
                                                        (BINARY-* 
                                                          (BINARY-+ '1 
                                                            (BINARY-* '1 var12)) 
                                                          (UNARY-/ 
                                                            (BINARY-* '1 
                                                              (BINARY-* '1 '1))))) 
                                                      (UNARY-- 
                                                        (UNARY-/ '1)))) var9))))))))) var1 var2 var3 var4))) H V0 DV G1 GAMMA) 
                        (
                          (LAMBDA 
                            (var13 var14 var15 var16 var17) 
                            (BINARY-* 
                              (
                                (LAMBDA 
                                  (var18 var19) 
                                  (EXPT var19 
                                    (UNARY-- var18))) var13 var17) 
                              (
                                (LAMBDA 
                                  (var20 var21 var22 var23) 
                                  (BINARY-+ '-1 
                                    (BINARY-* 
                                      (BINARY-* '1 
                                        (UNARY-/ 
                                          (BINARY-* '1 '1))) 
                                      (BINARY-* 
                                        (BINARY-+ '1 
                                          (BINARY-* '1 
                                            (BINARY-+ var21 var22))) 
                                        (UNARY-/ 
                                          (BINARY-+ '1 
                                            (BINARY-* '1 
                                              (BINARY-+ 
                                                (BINARY-* var20 var23) 
                                                (
                                                  (LAMBDA 
                                                    (var24) 
                                                    (BINARY-+ 
                                                      (BINARY-* '1 
                                                        (BINARY-* 
                                                          (BINARY-+ '1 
                                                            (BINARY-* '1 var24)) 
                                                          (UNARY-/ 
                                                            (BINARY-* '1 
                                                              (BINARY-* '1 '1))))) 
                                                      (UNARY-- 
                                                        (UNARY-/ '1)))) var21))))))))) var13 var14 var15 var16))) 
                          (UNARY-- H) V0 DV G1 GAMMA)) '0) 'nil) 'nil) 'nil) 'nil) 'nil) 'nil) 'nil) 'nil) 'nil) 'nil)

level 3:
(< 
  (BINARY-+ 
    (
      (LAMBDA 
        (var25 var26 var27 var28 var29) 
        (BINARY-* 
          (
            (LAMBDA 
              (var30 var31) 
              (EXPT var31 
                (UNARY-- var30))) var25 var29) 
          (
            (LAMBDA 
              (var32 var33 var34 var35) 
              (BINARY-+ '-1 
                (BINARY-* 
                  (BINARY-* '1 
                    (UNARY-/ 
                      (BINARY-* '1 '1))) 
                  (BINARY-* 
                    (BINARY-+ '1 
                      (BINARY-* '1 
                        (BINARY-+ var33 var34))) 
                    (UNARY-/ 
                      (BINARY-+ '1 
                        (BINARY-* '1 
                          (BINARY-+ 
                            (BINARY-* var32 var35) 
                            (
                              (LAMBDA 
                                (var36) 
                                (BINARY-+ 
                                  (BINARY-* '1 
                                    (BINARY-* 
                                      (BINARY-+ '1 
                                        (BINARY-* '1 var36)) 
                                      (UNARY-/ 
                                        (BINARY-* '1 
                                          (BINARY-* '1 '1))))) 
                                  (UNARY-- 
                                    (UNARY-/ '1)))) var33))))))))) var25 var26 var27 var28))) 
      (BINARY-+ '1 H) V0 DV G1 GAMMA) 
    (
      (LAMBDA 
        (var37 var38 var39 var40 var41) 
        (BINARY-* 
          (
            (LAMBDA 
              (var42 var43) 
              (EXPT var43 
                (UNARY-- var42))) var37 var41) 
          (
            (LAMBDA 
              (var44 var45 var46 var47) 
              (BINARY-+ '-1 
                (BINARY-* 
                  (BINARY-* '1 
                    (UNARY-/ 
                      (BINARY-* '1 '1))) 
                  (BINARY-* 
                    (BINARY-+ '1 
                      (BINARY-* '1 
                        (BINARY-+ var45 var46))) 
                    (UNARY-/ 
                      (BINARY-+ '1 
                        (BINARY-* '1 
                          (BINARY-+ 
                            (BINARY-* var44 var47) 
                            (
                              (LAMBDA 
                                (var48) 
                                (BINARY-+ 
                                  (BINARY-* '1 
                                    (BINARY-* 
                                      (BINARY-+ '1 
                                        (BINARY-* '1 var48)) 
                                      (UNARY-/ 
                                        (BINARY-* '1 
                                          (BINARY-* '1 '1))))) 
                                  (UNARY-- 
                                    (UNARY-/ '1)))) var45))))))))) var37 var38 var39 var40))) 
      (UNARY-- 
        (BINARY-+ '1 H)) V0 DV G1 GAMMA)) '0)

